<?xml version="1.0" encoding="UTF-8"?>
<testsuite xmlns:xsi="http://www.w3.org/2001/XMLSchema-instance" xsi:noNamespaceSchemaLocation="https://maven.apache.org/surefire/maven-surefire-plugin/xsd/surefire-test-report.xsd" version="3.0.2" name="com.example.luciano.inventoryservice.InventoryserviceApplicationTests" time="5.698" tests="1" errors="0" skipped="0" failures="0" flakes="0">
  <properties>
[...]
</properties>
  <testcase name="contextLoads" classname="com.example.luciano.inventoryservice.InventoryserviceApplicationTests" time="0.452">
    <system-out><![CDATA[00:42:40.264 [main] INFO org.springframework.test.context.support.AnnotationConfigContextLoaderUtils -- Could not detect default configuration classes for test class [com.example.luciano.inventoryservice.InventoryserviceApplicationTests]: InventoryserviceApplicationTests does not declare any static, non-private, non-final, nested classes annotated with @Configuration.
00:42:40.360 [main] INFO org.springframework.boot.test.context.SpringBootTestContextBootstrapper -- Found @SpringBootConfiguration com.example.luciano.inventoryservice.InventoryserviceApplication for test class com.example.luciano.inventoryservice.InventoryserviceApplicationTests
00:42:40.432 [main] INFO org.springframework.test.context.support.AnnotationConfigContextLoaderUtils -- Could not detect default configuration classes for test class [com.example.luciano.inventoryservice.InventoryserviceApplicationTests]: InventoryserviceApplicationTests does not declare any static, non-private, non-final, nested classes annotated with @Configuration.
00:42:40.432 [main] INFO org.springframework.boot.test.context.SpringBootTestContextBootstrapper -- Found @SpringBootConfiguration com.example.luciano.inventoryservice.InventoryserviceApplication for test class com.example.luciano.inventoryservice.InventoryserviceApplicationTests

  .   ____          _            __ _ _
 /\\ / ___'_ __ _ _(_)_ __  __ _ \ \ \ \
( ( )\___ | '_ | '_| | '_ \/ _` | \ \ \ \
 \\/  ___)| |_)| | | | | || (_| |  ) ) ) )
  '  |____| .__|_| |_|_| |_\__, | / / / /
 =========|_|==============|___/=/_/_/_/

 :: Spring Boot ::                (v4.1.0)

2026-06-21T00:42:40.741-03:00  INFO 8848 --- [inventoryservice] [           main] c.e.l.i.InventoryserviceApplicationTests : Starting InventoryserviceApplicationTests using Java 21.0.7 with PID 8848 (started by Vanesa in F:\Luciano\Programacion\Java\Booking microservices project\inventoryservice)
2026-06-21T00:42:40.741-03:00 DEBUG 8848 --- [inventoryservice] [           main] c.e.l.i.InventoryserviceApplicationTests : Running with Spring Boot v4.1.0, Spring v7.0.8
2026-06-21T00:42:40.744-03:00  INFO 8848 --- [inventoryservice] [           main] c.e.l.i.InventoryserviceApplicationTests : No active profile set, falling back to 1 default profile: "default"
2026-06-21T00:42:40.744-03:00 DEBUG 8848 --- [inventoryservice] [           main] o.s.boot.SpringApplication               : Loading source class com.example.luciano.inventoryservice.InventoryserviceApplication
2026-06-21T00:42:40.782-03:00 DEBUG 8848 --- [inventoryservice] [           main] o.s.w.c.s.GenericWebApplicationContext   : Refreshing org.springframework.web.context.support.GenericWebApplicationContext@c3177d5
2026-06-21T00:42:40.795-03:00 DEBUG 8848 --- [inventoryservice] [           main] o.s.b.f.s.DefaultListableBeanFactory     : Creating shared instance of singleton bean 'org.springframework.context.annotation.internalConfigurationAnnotationProcessor'
2026-06-21T00:42:40.815-03:00 DEBUG 8848 --- [inventoryservice] [           main] o.s.b.f.s.DefaultListableBeanFactory     : Creating shared instance of singleton bean 'org.springframework.boot.autoconfigure.internalCachingMetadataReaderFactory'
2026-06-21T00:42:40.851-03:00 DEBUG 8848 --- [inventoryservice] [           main] o.s.c.a.ClassPathBeanDefinitionScanner   : Identified candidate component class: file [F:\Luciano\Programacion\Java\Booking microservices project\inventoryservice\target\classes\com\example\luciano\inventoryservice\controller\InventoryController.class]
2026-06-21T00:42:40.859-03:00 DEBUG 8848 --- [inventoryservice] [           main] o.s.c.a.ClassPathBeanDefinitionScanner   : Ignored because not a concrete top-level class: file [F:\Luciano\Programacion\Java\Booking microservices project\inventoryservice\target\classes\com\example\luciano\inventoryservice\repository\IEventRepository.class]
2026-06-21T00:42:40.860-03:00 DEBUG 8848 --- [inventoryservice] [           main] o.s.c.a.ClassPathBeanDefinitionScanner   : Ignored because not a concrete top-level class: file [F:\Luciano\Programacion\Java\Booking microservices project\inventoryservice\target\classes\com\example\luciano\inventoryservice\repository\IVenueRepository.class]
2026-06-21T00:42:40.860-03:00 DEBUG 8848 --- [inventoryservice] [           main] o.s.c.a.ClassPathBeanDefinitionScanner   : Identified candidate component class: file [F:\Luciano\Programacion\Java\Booking microservices project\inventoryservice\target\classes\com\example\luciano\inventoryservice\service\InventoryService.class]
2026-06-21T00:42:41.325-03:00  INFO 8848 --- [inventoryservice] [           main] .s.d.r.c.RepositoryConfigurationDelegate : Bootstrapping Spring Data JPA repositories in DEFAULT mode.
2026-06-21T00:42:41.336-03:00 DEBUG 8848 --- [inventoryservice] [           main] o.s.b.f.s.DefaultListableBeanFactory     : Creating shared instance of singleton bean 'org.springframework.boot.autoconfigure.AutoConfigurationPackages'
2026-06-21T00:42:41.344-03:00 DEBUG 8848 --- [inventoryservice] [           main] o.s.b.a.AutoConfigurationPackages        : @EnableAutoConfiguration was declared on a class in the package 'com.example.luciano.inventoryservice'. Automatic @Repository and @Entity scanning is enabled.
2026-06-21T00:42:41.346-03:00 DEBUG 8848 --- [inventoryservice] [           main] .s.d.r.c.RepositoryConfigurationDelegate : Scanning for JPA repositories in packages com.example.luciano.inventoryservice.
2026-06-21T00:42:41.357-03:00 DEBUG 8848 --- [inventoryservice] [           main] o.s.d.r.c.RepositoryComponentProvider    : Identified candidate component class: file [F:\Luciano\Programacion\Java\Booking microservices project\inventoryservice\target\classes\com\example\luciano\inventoryservice\repository\IEventRepository.class]
2026-06-21T00:42:41.357-03:00 DEBUG 8848 --- [inventoryservice] [           main] o.s.d.r.c.RepositoryComponentProvider    : Identified candidate component class: file [F:\Luciano\Programacion\Java\Booking microservices project\inventoryservice\target\classes\com\example\luciano\inventoryservice\repository\IVenueRepository.class]
2026-06-21T00:42:41.387-03:00  INFO 8848 --- [inventoryservice] [           main] .s.d.r.c.RepositoryConfigurationDelegate : Finished Spring Data repository scanning in 39 ms. Found 2 JPA repository interfaces.
2026-06-21T00:42:41.496-03:00 DEBUG 8848 --- [inventoryservice] [           main] o.s.b.f.s.DefaultListableBeanFactory     : Creating shared instance of singleton bean 'springSecurityPathPatternParserBeanDefinitionRegistryPostProcessor'
2026-06-21T00:42:41.500-03:00 DEBUG 8848 --- [inventoryservice] [           main] o.s.b.f.s.DefaultListableBeanFactory     : Creating shared instance of singleton bean 'propertySourcesPlaceholderConfigurer'
2026-06-21T00:42:41.505-03:00 DEBUG 8848 --- [inventoryservice] [           main] o.s.b.f.s.DefaultListableBeanFactory     : Creating shared instance of singleton bean 'org.springframework.boot.sql.init.dependency.DatabaseInitializationDependencyConfigurer$DependsOnDatabaseInitializationPostProcessor'
2026-06-21T00:42:41.525-03:00 DEBUG 8848 --- [inventoryservice] [           main] o.s.b.f.s.DefaultListableBeanFactory     : Creating shared instance of singleton bean 'org.springframework.context.event.internalEventListenerProcessor'
2026-06-21T00:42:41.525-03:00 DEBUG 8848 --- [inventoryservice] [           main] o.s.b.f.s.DefaultListableBeanFactory     : Creating shared instance of singleton bean 'bootstrapExecutorAliasPostProcessor'
2026-06-21T00:42:41.529-03:00 DEBUG 8848 --- [inventoryservice] [           main] o.s.b.f.s.DefaultListableBeanFactory     : Creating shared instance of singleton bean 'preserveErrorControllerTargetClassPostProcessor'
2026-06-21T00:42:41.530-03:00 DEBUG 8848 --- [inventoryservice] [           main] o.s.b.f.s.DefaultListableBeanFactory     : Creating shared instance of singleton bean 'conversionServicePostProcessor'
2026-06-21T00:42:41.536-03:00 DEBUG 8848 --- [inventoryservice] [           main] o.s.b.f.s.DefaultListableBeanFactory     : Creating shared instance of singleton bean 'org.springframework.context.event.internalEventListenerFactory'
2026-06-21T00:42:41.536-03:00 DEBUG 8848 --- [inventoryservice] [           main] o.s.b.f.s.DefaultListableBeanFactory     : Creating shared instance of singleton bean 'org.springframework.transaction.config.internalTransactionalEventListenerFactory'
2026-06-21T00:42:41.540-03:00 DEBUG 8848 --- [inventoryservice] [           main] o.s.b.f.s.DefaultListableBeanFactory     : Creating shared instance of singleton bean 'org.springframework.context.annotation.internalAutowiredAnnotationProcessor'
2026-06-21T00:42:41.541-03:00 DEBUG 8848 --- [inventoryservice] [           main] o.s.b.f.s.DefaultListableBeanFactory     : Creating shared instance of singleton bean 'org.springframework.context.annotation.internalCommonAnnotationProcessor'
2026-06-21T00:42:41.543-03:00 DEBUG 8848 --- [inventoryservice] [           main] o.s.b.f.s.DefaultListableBeanFactory     : Creating shared instance of singleton bean 'org.springframework.context.annotation.internalPersistenceAnnotationProcessor'
2026-06-21T00:42:41.544-03:00 DEBUG 8848 --- [inventoryservice] [           main] o.s.b.f.s.DefaultListableBeanFactory     : Creating shared instance of singleton bean 'org.springframework.boot.context.properties.ConfigurationPropertiesBindingPostProcessor'
2026-06-21T00:42:41.544-03:00 DEBUG 8848 --- [inventoryservice] [           main] o.s.b.f.s.DefaultListableBeanFactory     : Creating shared instance of singleton bean 'org.springframework.boot.context.internalConfigurationPropertiesBinder'
2026-06-21T00:42:41.545-03:00 DEBUG 8848 --- [inventoryservice] [           main] o.s.b.f.s.DefaultListableBeanFactory     : Creating shared instance of singleton bean 'jdbcConnectionDetailsHikariBeanPostProcessor'
2026-06-21T00:42:41.550-03:00 DEBUG 8848 --- [inventoryservice] [           main] o.s.b.f.s.DefaultListableBeanFactory     : Creating shared instance of singleton bean 'org.springframework.aop.config.internalAutoProxyCreator'
2026-06-21T00:42:41.566-03:00 DEBUG 8848 --- [inventoryservice] [           main] o.s.b.f.s.DefaultListableBeanFactory     : Creating shared instance of singleton bean 'org.springframework.aop.framework.autoproxy.defaultProxyConfig'
2026-06-21T00:42:41.574-03:00 DEBUG 8848 --- [inventoryservice] [           main] o.s.b.f.s.DefaultListableBeanFactory     : Creating shared instance of singleton bean 'persistenceExceptionTranslationPostProcessor'
2026-06-21T00:42:41.575-03:00 DEBUG 8848 --- [inventoryservice] [           main] o.s.b.f.s.DefaultListableBeanFactory     : Autowiring by type from bean name 'persistenceExceptionTranslationPostProcessor' via factory method to bean named 'environment'
2026-06-21T00:42:41.580-03:00 DEBUG 8848 --- [inventoryservice] [           main] o.s.b.f.s.DefaultListableBeanFactory     : Creating shared instance of singleton bean 'projectingArgumentResolverBeanPostProcessor'
2026-06-21T00:42:41.581-03:00 DEBUG 8848 --- [inventoryservice] [           main] o.s.b.f.s.DefaultListableBeanFactory     : Creating shared instance of singleton bean 'org.springframework.transaction.config.internalTransactionAdvisor'
2026-06-21T00:42:41.581-03:00 DEBUG 8848 --- [inventoryservice] [           main] o.s.b.f.s.DefaultListableBeanFactory     : Creating shared instance of singleton bean 'org.springframework.transaction.annotation.ProxyTransactionManagementConfiguration'
2026-06-21T00:42:41.605-03:00 DEBUG 8848 --- [inventoryservice] [           main] o.s.b.f.s.DefaultListableBeanFactory     : Creating shared instance of singleton bean 'transactionAttributeSource'
2026-06-21T00:42:41.606-03:00 DEBUG 8848 --- [inventoryservice] [           main] o.s.b.f.s.DefaultListableBeanFactory     : Creating shared instance of singleton bean 'transactionInterceptor'
2026-06-21T00:42:41.606-03:00 DEBUG 8848 --- [inventoryservice] [           main] o.s.b.f.s.DefaultListableBeanFactory     : Autowiring by type from bean name 'transactionInterceptor' via factory method to bean named 'transactionAttributeSource'
2026-06-21T00:42:41.613-03:00 DEBUG 8848 --- [inventoryservice] [           main] o.s.b.f.s.DefaultListableBeanFactory     : Autowiring by type from bean name 'org.springframework.transaction.config.internalTransactionAdvisor' via factory method to bean named 'transactionAttributeSource'
2026-06-21T00:42:41.614-03:00 DEBUG 8848 --- [inventoryservice] [           main] o.s.b.f.s.DefaultListableBeanFactory     : Autowiring by type from bean name 'org.springframework.transaction.config.internalTransactionAdvisor' via factory method to bean named 'transactionInterceptor'
2026-06-21T00:42:41.632-03:00 DEBUG 8848 --- [inventoryservice] [           main] o.s.b.f.s.DefaultListableBeanFactory     : Creating shared instance of singleton bean 'webServerFactoryCustomizerBeanPostProcessor'
2026-06-21T00:42:41.632-03:00 DEBUG 8848 --- [inventoryservice] [           main] o.s.b.f.s.DefaultListableBeanFactory     : Creating shared instance of singleton bean 'errorPageRegistrarBeanPostProcessor'
2026-06-21T00:42:41.634-03:00 DEBUG 8848 --- [inventoryservice] [           main] o.s.b.f.s.DefaultListableBeanFactory     : Creating shared instance of singleton bean 'applicationTaskExecutor'
2026-06-21T00:42:41.636-03:00 DEBUG 8848 --- [inventoryservice] [           main] o.s.b.f.s.DefaultListableBeanFactory     : Creating shared instance of singleton bean 'org.springframework.boot.autoconfigure.task.TaskExecutorConfigurations$TaskExecutorConfiguration'
2026-06-21T00:42:41.638-03:00 DEBUG 8848 --- [inventoryservice] [           main] o.s.b.f.s.DefaultListableBeanFactory     : Creating shared instance of singleton bean 'threadPoolTaskExecutorBuilder'
2026-06-21T00:42:41.638-03:00 DEBUG 8848 --- [inventoryservice] [           main] o.s.b.f.s.DefaultListableBeanFactory     : Creating shared instance of singleton bean 'org.springframework.boot.autoconfigure.task.TaskExecutorConfigurations$ThreadPoolTaskExecutorBuilderConfiguration'
2026-06-21T00:42:41.638-03:00 DEBUG 8848 --- [inventoryservice] [           main] o.s.b.f.s.DefaultListableBeanFactory     : Creating shared instance of singleton bean 'spring.task.execution-org.springframework.boot.autoconfigure.task.TaskExecutionProperties'
2026-06-21T00:42:41.640-03:00 DEBUG 8848 --- [inventoryservice] [           main] o.s.b.f.s.DefaultListableBeanFactory     : Creating shared instance of singleton bean 'org.springframework.boot.context.properties.BoundConfigurationProperties'
2026-06-21T00:42:41.644-03:00 DEBUG 8848 --- [inventoryservice] [           main] o.s.b.f.s.DefaultListableBeanFactory     : Creating shared instance of singleton bean 'stringOrNumberMigrationVersionConverter'
2026-06-21T00:42:41.650-03:00 DEBUG 8848 --- [inventoryservice] [           main] o.s.b.f.s.DefaultListableBeanFactory     : Autowiring by type from bean name 'threadPoolTaskExecutorBuilder' via factory method to bean named 'spring.task.execution-org.springframework.boot.autoconfigure.task.TaskExecutionProperties'
2026-06-21T00:42:41.655-03:00 DEBUG 8848 --- [inventoryservice] [           main] o.s.b.f.s.DefaultListableBeanFactory     : Autowiring by type from bean name 'applicationTaskExecutor' via factory method to bean named 'threadPoolTaskExecutorBuilder'
2026-06-21T00:42:41.660-03:00 DEBUG 8848 --- [inventoryservice] [           main] o.s.s.concurrent.ThreadPoolTaskExecutor  : Initializing ExecutorService 'applicationTaskExecutor'
2026-06-21T00:42:41.665-03:00 DEBUG 8848 --- [inventoryservice] [           main] o.s.b.f.s.DefaultListableBeanFactory     : Creating shared instance of singleton bean 'org.springframework.test.context.support.internalDynamicPropertyRegistrarBeanInitializer'
2026-06-21T00:42:41.666-03:00 DEBUG 8848 --- [inventoryservice] [           main] o.s.b.f.s.DefaultListableBeanFactory     : Creating shared instance of singleton bean 'flyway'
2026-06-21T00:42:41.666-03:00 DEBUG 8848 --- [inventoryservice] [           main] o.s.b.f.s.DefaultListableBeanFactory     : Creating shared instance of singleton bean 'org.springframework.boot.flyway.autoconfigure.FlywayAutoConfiguration$FlywayConfiguration'
2026-06-21T00:42:41.666-03:00 DEBUG 8848 --- [inventoryservice] [           main] o.s.b.f.s.DefaultListableBeanFactory     : Creating shared instance of singleton bean 'spring.flyway-org.springframework.boot.flyway.autoconfigure.FlywayProperties'
2026-06-21T00:42:41.680-03:00 DEBUG 8848 --- [inventoryservice] [           main] o.s.b.f.s.DefaultListableBeanFactory     : Autowiring by type from bean name 'org.springframework.boot.flyway.autoconfigure.FlywayAutoConfiguration$FlywayConfiguration' via constructor to bean named 'spring.flyway-org.springframework.boot.flyway.autoconfigure.FlywayProperties'
2026-06-21T00:42:41.682-03:00 DEBUG 8848 --- [inventoryservice] [           main] o.s.b.f.s.DefaultListableBeanFactory     : Creating shared instance of singleton bean 'flywayConnectionDetails'
2026-06-21T00:42:41.685-03:00 DEBUG 8848 --- [inventoryservice] [           main] o.s.b.f.s.DefaultListableBeanFactory     : Creating shared instance of singleton bean 'resourceProviderCustomizer'
2026-06-21T00:42:41.686-03:00 DEBUG 8848 --- [inventoryservice] [           main] o.s.b.f.s.DefaultListableBeanFactory     : Autowiring by type from bean name 'flyway' via factory method to bean named 'flywayConnectionDetails'
2026-06-21T00:42:41.686-03:00 DEBUG 8848 --- [inventoryservice] [           main] o.s.b.f.s.DefaultListableBeanFactory     : Autowiring by type from bean name 'flyway' via factory method to bean named 'org.springframework.web.context.support.GenericWebApplicationContext@c3177d5'
2026-06-21T00:42:41.686-03:00 DEBUG 8848 --- [inventoryservice] [           main] o.s.b.f.s.DefaultListableBeanFactory     : Autowiring by type from bean name 'flyway' via factory method to bean named 'resourceProviderCustomizer'
2026-06-21T00:42:41.696-03:00 DEBUG 8848 --- [inventoryservice] [           main] o.s.b.f.s.DefaultListableBeanFactory     : Creating shared instance of singleton bean 'dataSource'
2026-06-21T00:42:41.698-03:00 DEBUG 8848 --- [inventoryservice] [           main] o.s.b.f.s.DefaultListableBeanFactory     : Creating shared instance of singleton bean 'org.springframework.boot.jdbc.autoconfigure.DataSourceConfiguration$Hikari'
2026-06-21T00:42:41.700-03:00 DEBUG 8848 --- [inventoryservice] [           main] o.s.b.f.s.DefaultListableBeanFactory     : Creating shared instance of singleton bean 'spring.datasource-org.springframework.boot.jdbc.autoconfigure.DataSourceProperties'
2026-06-21T00:42:41.703-03:00 DEBUG 8848 --- [inventoryservice] [           main] o.s.b.f.s.DefaultListableBeanFactory     : Creating shared instance of singleton bean 'jdbcConnectionDetails'
2026-06-21T00:42:41.703-03:00 DEBUG 8848 --- [inventoryservice] [           main] o.s.b.f.s.DefaultListableBeanFactory     : Creating shared instance of singleton bean 'org.springframework.boot.jdbc.autoconfigure.DataSourceAutoConfiguration$PooledDataSourceConfiguration'
2026-06-21T00:42:41.707-03:00 DEBUG 8848 --- [inventoryservice] [           main] o.s.b.f.s.DefaultListableBeanFactory     : Autowiring by type from bean name 'jdbcConnectionDetails' via factory method to bean named 'spring.datasource-org.springframework.boot.jdbc.autoconfigure.DataSourceProperties'
2026-06-21T00:42:41.707-03:00 DEBUG 8848 --- [inventoryservice] [           main] o.s.b.f.s.DefaultListableBeanFactory     : Autowiring by type from bean name 'dataSource' via factory method to bean named 'spring.datasource-org.springframework.boot.jdbc.autoconfigure.DataSourceProperties'
2026-06-21T00:42:41.707-03:00 DEBUG 8848 --- [inventoryservice] [           main] o.s.b.f.s.DefaultListableBeanFactory     : Autowiring by type from bean name 'dataSource' via factory method to bean named 'jdbcConnectionDetails'
2026-06-21T00:42:41.707-03:00 DEBUG 8848 --- [inventoryservice] [           main] o.s.b.f.s.DefaultListableBeanFactory     : Autowiring by type from bean name 'dataSource' via factory method to bean named 'environment'
2026-06-21T00:42:41.711-03:00 DEBUG 8848 --- [inventoryservice] [           main] com.zaxxer.hikari.util.UtilityElf        : Class com.mysql.cj.jdbc.Driver found in Thread context class loader jdk.internal.loader.ClassLoaders$AppClassLoader@70dea4e
2026-06-21T00:42:41.880-03:00 DEBUG 8848 --- [inventoryservice] [           main] o.s.b.f.s.DefaultListableBeanFactory     : Creating shared instance of singleton bean 'flywayInitializer'
2026-06-21T00:42:41.882-03:00 DEBUG 8848 --- [inventoryservice] [           main] o.s.b.f.s.DefaultListableBeanFactory     : Autowiring by type from bean name 'flywayInitializer' via factory method to bean named 'flyway'
2026-06-21T00:42:41.887-03:00 DEBUG 8848 --- [inventoryservice] [           main] com.zaxxer.hikari.HikariConfig           : HikariPool-1 - configuration:
2026-06-21T00:42:41.890-03:00 DEBUG 8848 --- [inventoryservice] [           main] com.zaxxer.hikari.HikariConfig           : allowPoolSuspension.............false
2026-06-21T00:42:41.890-03:00 DEBUG 8848 --- [inventoryservice] [           main] com.zaxxer.hikari.HikariConfig           : autoCommit......................true
2026-06-21T00:42:41.890-03:00 DEBUG 8848 --- [inventoryservice] [           main] com.zaxxer.hikari.HikariConfig           : catalog.........................none
2026-06-21T00:42:41.890-03:00 DEBUG 8848 --- [inventoryservice] [           main] com.zaxxer.hikari.HikariConfig           : connectionInitSql...............none
2026-06-21T00:42:41.890-03:00 DEBUG 8848 --- [inventoryservice] [           main] com.zaxxer.hikari.HikariConfig           : connectionTestQuery.............none
2026-06-21T00:42:41.892-03:00 DEBUG 8848 --- [inventoryservice] [           main] com.zaxxer.hikari.HikariConfig           : connectionTimeout...............30000
2026-06-21T00:42:41.892-03:00 DEBUG 8848 --- [inventoryservice] [           main] com.zaxxer.hikari.HikariConfig           : credentials.....................com.zaxxer.hikari.util.Credentials@55421b8d
2026-06-21T00:42:41.892-03:00 DEBUG 8848 --- [inventoryservice] [           main] com.zaxxer.hikari.HikariConfig           : credentialsProvider.............none
2026-06-21T00:42:41.892-03:00 DEBUG 8848 --- [inventoryservice] [           main] com.zaxxer.hikari.HikariConfig           : credentialsProviderClassName....none
2026-06-21T00:42:41.892-03:00 DEBUG 8848 --- [inventoryservice] [           main] com.zaxxer.hikari.HikariConfig           : dataSource......................none
2026-06-21T00:42:41.892-03:00 DEBUG 8848 --- [inventoryservice] [           main] com.zaxxer.hikari.HikariConfig           : dataSourceClassName.............none
2026-06-21T00:42:41.892-03:00 DEBUG 8848 --- [inventoryservice] [           main] com.zaxxer.hikari.HikariConfig           : dataSourceJNDI..................none
2026-06-21T00:42:41.892-03:00 DEBUG 8848 --- [inventoryservice] [           main] com.zaxxer.hikari.HikariConfig           : dataSourceProperties............{password=<masked>}
2026-06-21T00:42:41.892-03:00 DEBUG 8848 --- [inventoryservice] [           main] com.zaxxer.hikari.HikariConfig           : driverClassName................."com.mysql.cj.jdbc.Driver"
2026-06-21T00:42:41.892-03:00 DEBUG 8848 --- [inventoryservice] [           main] com.zaxxer.hikari.HikariConfig           : exceptionOverride...............none
2026-06-21T00:42:41.892-03:00 DEBUG 8848 --- [inventoryservice] [           main] com.zaxxer.hikari.HikariConfig           : exceptionOverrideClassName......none
2026-06-21T00:42:41.892-03:00 DEBUG 8848 --- [inventoryservice] [           main] com.zaxxer.hikari.HikariConfig           : healthCheckProperties...........{}
2026-06-21T00:42:41.894-03:00 DEBUG 8848 --- [inventoryservice] [           main] com.zaxxer.hikari.HikariConfig           : healthCheckRegistry.............none
2026-06-21T00:42:41.894-03:00 DEBUG 8848 --- [inventoryservice] [           main] com.zaxxer.hikari.HikariConfig           : idleTimeout.....................600000
2026-06-21T00:42:41.894-03:00 DEBUG 8848 --- [inventoryservice] [           main] com.zaxxer.hikari.HikariConfig           : initializationFailTimeout.......1
2026-06-21T00:42:41.894-03:00 DEBUG 8848 --- [inventoryservice] [           main] com.zaxxer.hikari.HikariConfig           : isolateInternalQueries..........false
2026-06-21T00:42:41.894-03:00 DEBUG 8848 --- [inventoryservice] [           main] com.zaxxer.hikari.HikariConfig           : jdbcUrl.........................jdbc:mysql://localhost:3307/ticketing
2026-06-21T00:42:41.894-03:00 DEBUG 8848 --- [inventoryservice] [           main] com.zaxxer.hikari.HikariConfig           : keepaliveTime...................120000
2026-06-21T00:42:41.894-03:00 DEBUG 8848 --- [inventoryservice] [           main] com.zaxxer.hikari.HikariConfig           : leakDetectionThreshold..........0
2026-06-21T00:42:41.894-03:00 DEBUG 8848 --- [inventoryservice] [           main] com.zaxxer.hikari.HikariConfig           : maxLifetime.....................1800000
2026-06-21T00:42:41.894-03:00 DEBUG 8848 --- [inventoryservice] [           main] com.zaxxer.hikari.HikariConfig           : maximumPoolSize.................10
2026-06-21T00:42:41.894-03:00 DEBUG 8848 --- [inventoryservice] [           main] com.zaxxer.hikari.HikariConfig           : metricRegistry..................none
2026-06-21T00:42:41.894-03:00 DEBUG 8848 --- [inventoryservice] [           main] com.zaxxer.hikari.HikariConfig           : metricsTrackerFactory...........none
2026-06-21T00:42:41.894-03:00 DEBUG 8848 --- [inventoryservice] [           main] com.zaxxer.hikari.HikariConfig           : minimumIdle.....................10
2026-06-21T00:42:41.894-03:00 DEBUG 8848 --- [inventoryservice] [           main] com.zaxxer.hikari.HikariConfig           : password........................<masked>
2026-06-21T00:42:41.894-03:00 DEBUG 8848 --- [inventoryservice] [           main] com.zaxxer.hikari.HikariConfig           : poolName........................"HikariPool-1"
2026-06-21T00:42:41.894-03:00 DEBUG 8848 --- [inventoryservice] [           main] com.zaxxer.hikari.HikariConfig           : readOnly........................false
2026-06-21T00:42:41.896-03:00 DEBUG 8848 --- [inventoryservice] [           main] com.zaxxer.hikari.HikariConfig           : registerMbeans..................false
2026-06-21T00:42:41.896-03:00 DEBUG 8848 --- [inventoryservice] [           main] com.zaxxer.hikari.HikariConfig           : scheduledExecutor...............none
2026-06-21T00:42:41.896-03:00 DEBUG 8848 --- [inventoryservice] [           main] com.zaxxer.hikari.HikariConfig           : schema..........................none
2026-06-21T00:42:41.896-03:00 DEBUG 8848 --- [inventoryservice] [           main] com.zaxxer.hikari.HikariConfig           : threadFactory...................internal
2026-06-21T00:42:41.896-03:00 DEBUG 8848 --- [inventoryservice] [           main] com.zaxxer.hikari.HikariConfig           : transactionIsolation............default
2026-06-21T00:42:41.896-03:00 DEBUG 8848 --- [inventoryservice] [           main] com.zaxxer.hikari.HikariConfig           : username........................"root"
2026-06-21T00:42:41.896-03:00 DEBUG 8848 --- [inventoryservice] [           main] com.zaxxer.hikari.HikariConfig           : validationTimeout...............5000
2026-06-21T00:42:41.896-03:00  INFO 8848 --- [inventoryservice] [           main] com.zaxxer.hikari.HikariDataSource       : HikariPool-1 - Starting...
2026-06-21T00:42:41.933-03:00 DEBUG 8848 --- [inventoryservice] [           main] com.zaxxer.hikari.pool.PoolBase          : HikariPool-1 - Attempting to create/setup new connection (30aac2fc-4950-4277-a0b0-8b7274f98b65)
2026-06-21T00:42:42.192-03:00 DEBUG 8848 --- [inventoryservice] [           main] jdk.event.security                       : X509Certificate: Alg:SHA256withRSA, Serial:02, Subject:CN=MySQL_Server_8.3.0_Auto_Generated_Server_Certificate, Issuer:CN=MySQL_Server_8.3.0_Auto_Generated_CA_Certificate, Key type:RSA, Length:2048, Cert Id:112145427, Valid from:20/6/26, 13:03, Valid until:17/6/36, 13:03
2026-06-21T00:42:42.192-03:00 DEBUG 8848 --- [inventoryservice] [           main] jdk.event.security                       : X509Certificate: Alg:SHA256withRSA, Serial:01, Subject:CN=MySQL_Server_8.3.0_Auto_Generated_CA_Certificate, Issuer:CN=MySQL_Server_8.3.0_Auto_Generated_CA_Certificate, Key type:RSA, Length:2048, Cert Id:1287203465, Valid from:20/6/26, 13:03, Valid until:17/6/36, 13:03
2026-06-21T00:42:42.205-03:00 DEBUG 8848 --- [inventoryservice] [           main] jdk.event.security                       :  TLSHandshake: localhost:3307, TLSv1.3, TLS_AES_256_GCM_SHA384, 112145427
2026-06-21T00:42:42.256-03:00 DEBUG 8848 --- [inventoryservice] [           main] com.zaxxer.hikari.pool.PoolBase          : HikariPool-1 - Established new connection (30aac2fc-4950-4277-a0b0-8b7274f98b65)
2026-06-21T00:42:42.257-03:00  INFO 8848 --- [inventoryservice] [           main] com.zaxxer.hikari.pool.HikariPool        : HikariPool-1 - Added connection com.mysql.cj.jdbc.ConnectionImpl@47be41c6
2026-06-21T00:42:42.259-03:00  INFO 8848 --- [inventoryservice] [           main] com.zaxxer.hikari.HikariDataSource       : HikariPool-1 - Start completed.
2026-06-21T00:42:42.295-03:00  INFO 8848 --- [inventoryservice] [           main] org.flywaydb.core.FlywayExecutor         : Database: jdbc:mysql://localhost:3307/ticketing (MySQL 8.3)
2026-06-21T00:42:42.364-03:00 DEBUG 8848 --- [inventoryservice] [l-1:housekeeper] com.zaxxer.hikari.pool.HikariPool        : HikariPool-1 - Pool stats (total=1/10, idle=0/10, active=1, waiting=0)
2026-06-21T00:42:42.365-03:00 DEBUG 8848 --- [inventoryservice] [onnection-adder] com.zaxxer.hikari.pool.PoolBase          : HikariPool-1 - Attempting to create/setup new connection (0a686901-8188-4f83-b0e7-093ddaa0e106)
2026-06-21T00:42:42.377-03:00 DEBUG 8848 --- [inventoryservice] [onnection-adder] jdk.event.security                       : X509Certificate: Alg:SHA256withRSA, Serial:02, Subject:CN=MySQL_Server_8.3.0_Auto_Generated_Server_Certificate, Issuer:CN=MySQL_Server_8.3.0_Auto_Generated_CA_Certificate, Key type:RSA, Length:2048, Cert Id:112145427, Valid from:20/6/26, 13:03, Valid until:17/6/36, 13:03
2026-06-21T00:42:42.378-03:00 DEBUG 8848 --- [inventoryservice] [onnection-adder] jdk.event.security                       : X509Certificate: Alg:SHA256withRSA, Serial:01, Subject:CN=MySQL_Server_8.3.0_Auto_Generated_CA_Certificate, Issuer:CN=MySQL_Server_8.3.0_Auto_Generated_CA_Certificate, Key type:RSA, Length:2048, Cert Id:1287203465, Valid from:20/6/26, 13:03, Valid until:17/6/36, 13:03
2026-06-21T00:42:42.384-03:00 DEBUG 8848 --- [inventoryservice] [onnection-adder] jdk.event.security                       :  TLSHandshake: localhost:3307, TLSv1.3, TLS_AES_256_GCM_SHA384, 112145427
2026-06-21T00:42:42.390-03:00 DEBUG 8848 --- [inventoryservice] [onnection-adder] com.zaxxer.hikari.pool.PoolBase          : HikariPool-1 - Established new connection (0a686901-8188-4f83-b0e7-093ddaa0e106)
2026-06-21T00:42:42.390-03:00 DEBUG 8848 --- [inventoryservice] [onnection-adder] com.zaxxer.hikari.pool.HikariPool        : HikariPool-1 - Added connection com.mysql.cj.jdbc.ConnectionImpl@30d965ef
2026-06-21T00:42:42.398-03:00  INFO 8848 --- [inventoryservice] [           main] o.f.core.internal.command.DbValidate     : Successfully validated 1 migration (execution time 00:00.041s)
2026-06-21T00:42:42.421-03:00  INFO 8848 --- [inventoryservice] [           main] o.f.core.internal.command.DbMigrate      : Current version of schema `ticketing`: 1
2026-06-21T00:42:42.423-03:00 DEBUG 8848 --- [inventoryservice] [onnection-adder] com.zaxxer.hikari.pool.HikariPool        : HikariPool-1 - After adding stats (total=2/10, idle=1/10, active=1, waiting=0)
2026-06-21T00:42:42.423-03:00 DEBUG 8848 --- [inventoryservice] [onnection-adder] com.zaxxer.hikari.pool.PoolBase          : HikariPool-1 - Attempting to create/setup new connection (d0d46ddd-11b5-4a1b-bd12-9e793ad1b6bf)
2026-06-21T00:42:42.426-03:00  INFO 8848 --- [inventoryservice] [           main] o.f.core.internal.command.DbMigrate      : Schema `ticketing` is up to date. No migration necessary.
2026-06-21T00:42:42.434-03:00 DEBUG 8848 --- [inventoryservice] [onnection-adder] jdk.event.security                       : X509Certificate: Alg:SHA256withRSA, Serial:02, Subject:CN=MySQL_Server_8.3.0_Auto_Generated_Server_Certificate, Issuer:CN=MySQL_Server_8.3.0_Auto_Generated_CA_Certificate, Key type:RSA, Length:2048, Cert Id:112145427, Valid from:20/6/26, 13:03, Valid until:17/6/36, 13:03
2026-06-21T00:42:42.435-03:00 DEBUG 8848 --- [inventoryservice] [onnection-adder] jdk.event.security                       : X509Certificate: Alg:SHA256withRSA, Serial:01, Subject:CN=MySQL_Server_8.3.0_Auto_Generated_CA_Certificate, Issuer:CN=MySQL_Server_8.3.0_Auto_Generated_CA_Certificate, Key type:RSA, Length:2048, Cert Id:1287203465, Valid from:20/6/26, 13:03, Valid until:17/6/36, 13:03
2026-06-21T00:42:42.438-03:00 DEBUG 8848 --- [inventoryservice] [onnection-adder] jdk.event.security                       :  TLSHandshake: localhost:3307, TLSv1.3, TLS_AES_256_GCM_SHA384, 112145427
2026-06-21T00:42:42.445-03:00 DEBUG 8848 --- [inventoryservice] [           main] o.s.b.f.s.DefaultListableBeanFactory     : Creating shared instance of singleton bean 'dataSourceScriptDatabaseInitializer'
2026-06-21T00:42:42.445-03:00 DEBUG 8848 --- [inventoryservice] [onnection-adder] com.zaxxer.hikari.pool.PoolBase          : HikariPool-1 - Established new connection (d0d46ddd-11b5-4a1b-bd12-9e793ad1b6bf)
2026-06-21T00:42:42.445-03:00 DEBUG 8848 --- [inventoryservice] [           main] o.s.b.f.s.DefaultListableBeanFactory     : Creating shared instance of singleton bean 'org.springframework.boot.jdbc.autoconfigure.DataSourceInitializationAutoConfiguration'
2026-06-21T00:42:42.445-03:00 DEBUG 8848 --- [inventoryservice] [onnection-adder] com.zaxxer.hikari.pool.HikariPool        : HikariPool-1 - Added connection com.mysql.cj.jdbc.ConnectionImpl@3bd271d8
2026-06-21T00:42:42.447-03:00 DEBUG 8848 --- [inventoryservice] [           main] o.s.b.f.s.DefaultListableBeanFactory     : Creating shared instance of singleton bean 'spring.sql.init-org.springframework.boot.sql.autoconfigure.init.SqlInitializationProperties'
2026-06-21T00:42:42.450-03:00 DEBUG 8848 --- [inventoryservice] [           main] o.s.b.f.s.DefaultListableBeanFactory     : Autowiring by type from bean name 'dataSourceScriptDatabaseInitializer' via factory method to bean named 'dataSource'
2026-06-21T00:42:42.450-03:00 DEBUG 8848 --- [inventoryservice] [           main] o.s.b.f.s.DefaultListableBeanFactory     : Autowiring by type from bean name 'dataSourceScriptDatabaseInitializer' via factory method to bean named 'spring.sql.init-org.springframework.boot.sql.autoconfigure.init.SqlInitializationProperties'
2026-06-21T00:42:42.456-03:00 DEBUG 8848 --- [inventoryservice] [           main] o.s.b.f.s.DefaultListableBeanFactory     : Creating shared instance of singleton bean 'entityManagerFactory'
2026-06-21T00:42:42.456-03:00 DEBUG 8848 --- [inventoryservice] [           main] o.s.b.f.s.DefaultListableBeanFactory     : Creating shared instance of singleton bean 'org.springframework.boot.hibernate.autoconfigure.HibernateJpaConfiguration'
2026-06-21T00:42:42.456-03:00 DEBUG 8848 --- [inventoryservice] [           main] o.s.b.f.s.DefaultListableBeanFactory     : Creating shared instance of singleton bean 'spring.jpa-org.springframework.boot.jpa.autoconfigure.JpaProperties'
2026-06-21T00:42:42.460-03:00 DEBUG 8848 --- [inventoryservice] [           main] o.s.b.f.s.DefaultListableBeanFactory     : Creating shared instance of singleton bean 'spring.jpa.hibernate-org.springframework.boot.hibernate.autoconfigure.HibernateProperties'
2026-06-21T00:42:42.460-03:00 DEBUG 8848 --- [inventoryservice] [           main] o.s.b.f.s.DefaultListableBeanFactory     : Autowiring by type from bean name 'org.springframework.boot.hibernate.autoconfigure.HibernateJpaConfiguration' via constructor to bean named 'dataSource'
2026-06-21T00:42:42.460-03:00 DEBUG 8848 --- [inventoryservice] [           main] o.s.b.f.s.DefaultListableBeanFactory     : Autowiring by type from bean name 'org.springframework.boot.hibernate.autoconfigure.HibernateJpaConfiguration' via constructor to bean named 'spring.jpa-org.springframework.boot.jpa.autoconfigure.JpaProperties'
2026-06-21T00:42:42.460-03:00 DEBUG 8848 --- [inventoryservice] [           main] o.s.b.f.s.DefaultListableBeanFactory     : Autowiring by type from bean name 'org.springframework.boot.hibernate.autoconfigure.HibernateJpaConfiguration' via constructor to bean named 'spring.jpa.hibernate-org.springframework.boot.hibernate.autoconfigure.HibernateProperties'
2026-06-21T00:42:42.462-03:00 DEBUG 8848 --- [inventoryservice] [           main] o.s.b.f.s.DefaultListableBeanFactory     : Creating shared instance of singleton bean 'hikariPoolDataSourceMetadataProvider'
2026-06-21T00:42:42.462-03:00 DEBUG 8848 --- [inventoryservice] [           main] o.s.b.f.s.DefaultListableBeanFactory     : Creating shared instance of singleton bean 'org.springframework.boot.jdbc.autoconfigure.DataSourcePoolMetadataProvidersConfiguration$HikariPoolDataSourceMetadataProviderConfiguration'
2026-06-21T00:42:42.467-03:00 DEBUG 8848 --- [inventoryservice] [           main] o.s.b.f.s.DefaultListableBeanFactory     : Creating shared instance of singleton bean 'entityManagerFactoryBuilder'
2026-06-21T00:42:42.467-03:00 DEBUG 8848 --- [inventoryservice] [           main] o.s.b.f.s.DefaultListableBeanFactory     : Creating shared instance of singleton bean 'jpaVendorAdapter'
2026-06-21T00:42:42.479-03:00 DEBUG 8848 --- [inventoryservice] [onnection-adder] com.zaxxer.hikari.pool.HikariPool        : HikariPool-1 - After adding stats (total=3/10, idle=3/10, active=0, waiting=0)
2026-06-21T00:42:42.479-03:00 DEBUG 8848 --- [inventoryservice] [onnection-adder] com.zaxxer.hikari.pool.PoolBase          : HikariPool-1 - Attempting to create/setup new connection (dfb93d5d-aae0-4370-915c-43002ab3d9cd)
2026-06-21T00:42:42.490-03:00 DEBUG 8848 --- [inventoryservice] [onnection-adder] jdk.event.security                       : X509Certificate: Alg:SHA256withRSA, Serial:02, Subject:CN=MySQL_Server_8.3.0_Auto_Generated_Server_Certificate, Issuer:CN=MySQL_Server_8.3.0_Auto_Generated_CA_Certificate, Key type:RSA, Length:2048, Cert Id:112145427, Valid from:20/6/26, 13:03, Valid until:17/6/36, 13:03
2026-06-21T00:42:42.492-03:00 DEBUG 8848 --- [inventoryservice] [onnection-adder] jdk.event.security                       : X509Certificate: Alg:SHA256withRSA, Serial:01, Subject:CN=MySQL_Server_8.3.0_Auto_Generated_CA_Certificate, Issuer:CN=MySQL_Server_8.3.0_Auto_Generated_CA_Certificate, Key type:RSA, Length:2048, Cert Id:1287203465, Valid from:20/6/26, 13:03, Valid until:17/6/36, 13:03
2026-06-21T00:42:42.495-03:00 DEBUG 8848 --- [inventoryservice] [onnection-adder] jdk.event.security                       :  TLSHandshake: localhost:3307, TLSv1.3, TLS_AES_256_GCM_SHA384, 112145427
2026-06-21T00:42:42.502-03:00 DEBUG 8848 --- [inventoryservice] [onnection-adder] com.zaxxer.hikari.pool.PoolBase          : HikariPool-1 - Established new connection (dfb93d5d-aae0-4370-915c-43002ab3d9cd)
2026-06-21T00:42:42.503-03:00 DEBUG 8848 --- [inventoryservice] [onnection-adder] com.zaxxer.hikari.pool.HikariPool        : HikariPool-1 - Added connection com.mysql.cj.jdbc.ConnectionImpl@4303dde0
2026-06-21T00:42:42.507-03:00 DEBUG 8848 --- [inventoryservice] [           main] o.s.b.f.s.DefaultListableBeanFactory     : Autowiring by type from bean name 'entityManagerFactoryBuilder' via factory method to bean named 'jpaVendorAdapter'
2026-06-21T00:42:42.507-03:00 DEBUG 8848 --- [inventoryservice] [           main] o.s.b.f.s.DefaultListableBeanFactory     : Autowiring by type from bean name 'entityManagerFactoryBuilder' via factory method to bean named 'applicationTaskExecutor'
2026-06-21T00:42:42.512-03:00 DEBUG 8848 --- [inventoryservice] [           main] o.s.b.f.s.DefaultListableBeanFactory     : Creating shared instance of singleton bean 'persistenceManagedTypes'
2026-06-21T00:42:42.513-03:00 DEBUG 8848 --- [inventoryservice] [           main] o.s.b.f.s.DefaultListableBeanFactory     : Autowiring by type from bean name 'persistenceManagedTypes' via factory method to bean named 'org.springframework.beans.factory.support.DefaultListableBeanFactory@7a7cc52c'
2026-06-21T00:42:42.513-03:00 DEBUG 8848 --- [inventoryservice] [           main] o.s.b.f.s.DefaultListableBeanFactory     : Autowiring by type from bean name 'persistenceManagedTypes' via factory method to bean named 'org.springframework.web.context.support.GenericWebApplicationContext@c3177d5'
2026-06-21T00:42:42.524-03:00 DEBUG 8848 --- [inventoryservice] [           main] o.s.b.f.s.DefaultListableBeanFactory     : Autowiring by type from bean name 'entityManagerFactory' via factory method to bean named 'entityManagerFactoryBuilder'
2026-06-21T00:42:42.524-03:00 DEBUG 8848 --- [inventoryservice] [           main] o.s.b.f.s.DefaultListableBeanFactory     : Autowiring by type from bean name 'entityManagerFactory' via factory method to bean named 'persistenceManagedTypes'
2026-06-21T00:42:42.538-03:00 DEBUG 8848 --- [inventoryservice] [onnection-adder] com.zaxxer.hikari.pool.HikariPool        : HikariPool-1 - After adding stats (total=4/10, idle=4/10, active=0, waiting=0)
2026-06-21T00:42:42.539-03:00 DEBUG 8848 --- [inventoryservice] [onnection-adder] com.zaxxer.hikari.pool.PoolBase          : HikariPool-1 - Attempting to create/setup new connection (aa8ab419-3137-423b-a124-ea4ec6715720)
2026-06-21T00:42:42.548-03:00 DEBUG 8848 --- [inventoryservice] [onnection-adder] jdk.event.security                       : X509Certificate: Alg:SHA256withRSA, Serial:02, Subject:CN=MySQL_Server_8.3.0_Auto_Generated_Server_Certificate, Issuer:CN=MySQL_Server_8.3.0_Auto_Generated_CA_Certificate, Key type:RSA, Length:2048, Cert Id:112145427, Valid from:20/6/26, 13:03, Valid until:17/6/36, 13:03
2026-06-21T00:42:42.548-03:00 DEBUG 8848 --- [inventoryservice] [onnection-adder] jdk.event.security                       : X509Certificate: Alg:SHA256withRSA, Serial:01, Subject:CN=MySQL_Server_8.3.0_Auto_Generated_CA_Certificate, Issuer:CN=MySQL_Server_8.3.0_Auto_Generated_CA_Certificate, Key type:RSA, Length:2048, Cert Id:1287203465, Valid from:20/6/26, 13:03, Valid until:17/6/36, 13:03
2026-06-21T00:42:42.550-03:00 DEBUG 8848 --- [inventoryservice] [           main] j.LocalContainerEntityManagerFactoryBean : Building JPA container EntityManagerFactory for persistence unit 'default'
2026-06-21T00:42:42.551-03:00 DEBUG 8848 --- [inventoryservice] [onnection-adder] jdk.event.security                       :  TLSHandshake: localhost:3307, TLSv1.3, TLS_AES_256_GCM_SHA384, 112145427
2026-06-21T00:42:42.557-03:00 DEBUG 8848 --- [inventoryservice] [onnection-adder] com.zaxxer.hikari.pool.PoolBase          : HikariPool-1 - Established new connection (aa8ab419-3137-423b-a124-ea4ec6715720)
2026-06-21T00:42:42.558-03:00 DEBUG 8848 --- [inventoryservice] [onnection-adder] com.zaxxer.hikari.pool.HikariPool        : HikariPool-1 - Added connection com.mysql.cj.jdbc.ConnectionImpl@393f6fcb
2026-06-21T00:42:42.566-03:00 DEBUG 8848 --- [inventoryservice] [           main] org.jboss.logging                        : Logging Provider: org.jboss.logging.Slf4jLoggerProvider found via system property
2026-06-21T00:42:42.567-03:00 DEBUG 8848 --- [inventoryservice] [           main] org.hibernate.orm.jpa                    : HHH008541: PersistenceUnitInfo [
	name: default
	persistence provider classname: null
	classloader: jdk.internal.loader.ClassLoaders$AppClassLoader@70dea4e
	excludeUnlistedClasses: true
	JTA datasource: null
	Non JTA datasource: HikariDataSource (HikariPool-1)
	Transaction type: RESOURCE_LOCAL
	PU root URL: file:/F:/Luciano/Programacion/Java/Booking%20microservices%20project/inventoryservice/target/test-classes/
	Shared Cache Mode: UNSPECIFIED
	Validation Mode: AUTO
	Jar files URLs []
	Managed classes names [
		com.example.luciano.inventoryservice.model.entity.Event
		com.example.luciano.inventoryservice.model.entity.Venue]
	Mapping files names []
	Properties []
2026-06-21T00:42:42.600-03:00 DEBUG 8848 --- [inventoryservice] [onnection-adder] com.zaxxer.hikari.pool.HikariPool        : HikariPool-1 - After adding stats (total=5/10, idle=5/10, active=0, waiting=0)
2026-06-21T00:42:42.600-03:00 DEBUG 8848 --- [inventoryservice] [onnection-adder] com.zaxxer.hikari.pool.PoolBase          : HikariPool-1 - Attempting to create/setup new connection (a47a16d1-f141-4c60-b2b0-6789be89f741)
2026-06-21T00:42:42.600-03:00 DEBUG 8848 --- [inventoryservice] [           main] org.hibernate.orm.service                : HHH010455: Adding integrator: org.hibernate.boot.beanvalidation.BeanValidationIntegrator
2026-06-21T00:42:42.602-03:00 DEBUG 8848 --- [inventoryservice] [           main] org.hibernate.orm.service                : HHH010455: Adding integrator: org.hibernate.cache.internal.CollectionCacheInvalidator
2026-06-21T00:42:42.610-03:00 DEBUG 8848 --- [inventoryservice] [onnection-adder] jdk.event.security                       : X509Certificate: Alg:SHA256withRSA, Serial:02, Subject:CN=MySQL_Server_8.3.0_Auto_Generated_Server_Certificate, Issuer:CN=MySQL_Server_8.3.0_Auto_Generated_CA_Certificate, Key type:RSA, Length:2048, Cert Id:112145427, Valid from:20/6/26, 13:03, Valid until:17/6/36, 13:03
2026-06-21T00:42:42.611-03:00 DEBUG 8848 --- [inventoryservice] [onnection-adder] jdk.event.security                       : X509Certificate: Alg:SHA256withRSA, Serial:01, Subject:CN=MySQL_Server_8.3.0_Auto_Generated_CA_Certificate, Issuer:CN=MySQL_Server_8.3.0_Auto_Generated_CA_Certificate, Key type:RSA, Length:2048, Cert Id:1287203465, Valid from:20/6/26, 13:03, Valid until:17/6/36, 13:03
2026-06-21T00:42:42.613-03:00 DEBUG 8848 --- [inventoryservice] [onnection-adder] jdk.event.security                       :  TLSHandshake: localhost:3307, TLSv1.3, TLS_AES_256_GCM_SHA384, 112145427
2026-06-21T00:42:42.619-03:00 DEBUG 8848 --- [inventoryservice] [onnection-adder] com.zaxxer.hikari.pool.PoolBase          : HikariPool-1 - Established new connection (a47a16d1-f141-4c60-b2b0-6789be89f741)
2026-06-21T00:42:42.620-03:00 DEBUG 8848 --- [inventoryservice] [onnection-adder] com.zaxxer.hikari.pool.HikariPool        : HikariPool-1 - Added connection com.mysql.cj.jdbc.ConnectionImpl@570619a5
2026-06-21T00:42:42.636-03:00  INFO 8848 --- [inventoryservice] [           main] org.hibernate.orm.core                   : HHH000001: Hibernate ORM core version 7.4.1.Final
2026-06-21T00:42:42.636-03:00 DEBUG 8848 --- [inventoryservice] [           main] org.hibernate.orm.core                   : HHH000206: 'hibernate.properties' not found
2026-06-21T00:42:42.655-03:00 DEBUG 8848 --- [inventoryservice] [onnection-adder] com.zaxxer.hikari.pool.HikariPool        : HikariPool-1 - After adding stats (total=6/10, idle=6/10, active=0, waiting=0)
2026-06-21T00:42:42.656-03:00 DEBUG 8848 --- [inventoryservice] [onnection-adder] com.zaxxer.hikari.pool.PoolBase          : HikariPool-1 - Attempting to create/setup new connection (52b8feb7-d29e-429a-ae9f-42d9b3871334)
2026-06-21T00:42:42.663-03:00 DEBUG 8848 --- [inventoryservice] [           main] o.s.o.jpa.hibernate.SpringBeanContainer  : Falling back to Hibernate's default producer after bean creation failure for interface org.hibernate.engine.jdbc.connections.spi.MultiTenantConnectionProvider: org.springframework.beans.factory.BeanCreationException: Error creating bean with name 'org.hibernate.engine.jdbc.connections.spi.MultiTenantConnectionProvider': Failed to instantiate [org.hibernate.engine.jdbc.connections.spi.MultiTenantConnectionProvider]: Specified class is an interface
2026-06-21T00:42:42.667-03:00 DEBUG 8848 --- [inventoryservice] [           main] org.hibernate.orm.cache                  : HHH90001031: Cannot default RegionFactory since no RegionFactory strategies were registered
2026-06-21T00:42:42.668-03:00 DEBUG 8848 --- [inventoryservice] [onnection-adder] jdk.event.security                       : X509Certificate: Alg:SHA256withRSA, Serial:02, Subject:CN=MySQL_Server_8.3.0_Auto_Generated_Server_Certificate, Issuer:CN=MySQL_Server_8.3.0_Auto_Generated_CA_Certificate, Key type:RSA, Length:2048, Cert Id:112145427, Valid from:20/6/26, 13:03, Valid until:17/6/36, 13:03
2026-06-21T00:42:42.669-03:00 DEBUG 8848 --- [inventoryservice] [onnection-adder] jdk.event.security                       : X509Certificate: Alg:SHA256withRSA, Serial:01, Subject:CN=MySQL_Server_8.3.0_Auto_Generated_CA_Certificate, Issuer:CN=MySQL_Server_8.3.0_Auto_Generated_CA_Certificate, Key type:RSA, Length:2048, Cert Id:1287203465, Valid from:20/6/26, 13:03, Valid until:17/6/36, 13:03
2026-06-21T00:42:42.669-03:00 DEBUG 8848 --- [inventoryservice] [           main] org.hibernate.orm.cache                  : HHH90001029: Second-level cache disabled
2026-06-21T00:42:42.672-03:00 DEBUG 8848 --- [inventoryservice] [onnection-adder] jdk.event.security                       :  TLSHandshake: localhost:3307, TLSv1.3, TLS_AES_256_GCM_SHA384, 112145427
2026-06-21T00:42:42.679-03:00 DEBUG 8848 --- [inventoryservice] [onnection-adder] com.zaxxer.hikari.pool.PoolBase          : HikariPool-1 - Established new connection (52b8feb7-d29e-429a-ae9f-42d9b3871334)
2026-06-21T00:42:42.679-03:00 DEBUG 8848 --- [inventoryservice] [onnection-adder] com.zaxxer.hikari.pool.HikariPool        : HikariPool-1 - Added connection com.mysql.cj.jdbc.ConnectionImpl@3ef5b27
2026-06-21T00:42:42.712-03:00 DEBUG 8848 --- [inventoryservice] [onnection-adder] com.zaxxer.hikari.pool.HikariPool        : HikariPool-1 - After adding stats (total=7/10, idle=7/10, active=0, waiting=0)
2026-06-21T00:42:42.712-03:00 DEBUG 8848 --- [inventoryservice] [onnection-adder] com.zaxxer.hikari.pool.PoolBase          : HikariPool-1 - Attempting to create/setup new connection (3fbf3087-9e1c-4826-9aa7-bd25e8d705d9)
2026-06-21T00:42:42.723-03:00 DEBUG 8848 --- [inventoryservice] [onnection-adder] jdk.event.security                       : X509Certificate: Alg:SHA256withRSA, Serial:02, Subject:CN=MySQL_Server_8.3.0_Auto_Generated_Server_Certificate, Issuer:CN=MySQL_Server_8.3.0_Auto_Generated_CA_Certificate, Key type:RSA, Length:2048, Cert Id:112145427, Valid from:20/6/26, 13:03, Valid until:17/6/36, 13:03
2026-06-21T00:42:42.723-03:00 DEBUG 8848 --- [inventoryservice] [onnection-adder] jdk.event.security                       : X509Certificate: Alg:SHA256withRSA, Serial:01, Subject:CN=MySQL_Server_8.3.0_Auto_Generated_CA_Certificate, Issuer:CN=MySQL_Server_8.3.0_Auto_Generated_CA_Certificate, Key type:RSA, Length:2048, Cert Id:1287203465, Valid from:20/6/26, 13:03, Valid until:17/6/36, 13:03
2026-06-21T00:42:42.726-03:00 DEBUG 8848 --- [inventoryservice] [onnection-adder] jdk.event.security                       :  TLSHandshake: localhost:3307, TLSv1.3, TLS_AES_256_GCM_SHA384, 112145427
2026-06-21T00:42:42.737-03:00 DEBUG 8848 --- [inventoryservice] [onnection-adder] com.zaxxer.hikari.pool.PoolBase          : HikariPool-1 - Established new connection (3fbf3087-9e1c-4826-9aa7-bd25e8d705d9)
2026-06-21T00:42:42.737-03:00 DEBUG 8848 --- [inventoryservice] [onnection-adder] com.zaxxer.hikari.pool.HikariPool        : HikariPool-1 - Added connection com.mysql.cj.jdbc.ConnectionImpl@5a1769a5
2026-06-21T00:42:42.770-03:00 DEBUG 8848 --- [inventoryservice] [onnection-adder] com.zaxxer.hikari.pool.HikariPool        : HikariPool-1 - After adding stats (total=8/10, idle=8/10, active=0, waiting=0)
2026-06-21T00:42:42.770-03:00 DEBUG 8848 --- [inventoryservice] [onnection-adder] com.zaxxer.hikari.pool.PoolBase          : HikariPool-1 - Attempting to create/setup new connection (3a44e729-1ad6-4b4a-a325-b644b7ac57c4)
2026-06-21T00:42:42.781-03:00 DEBUG 8848 --- [inventoryservice] [onnection-adder] jdk.event.security                       : X509Certificate: Alg:SHA256withRSA, Serial:02, Subject:CN=MySQL_Server_8.3.0_Auto_Generated_Server_Certificate, Issuer:CN=MySQL_Server_8.3.0_Auto_Generated_CA_Certificate, Key type:RSA, Length:2048, Cert Id:112145427, Valid from:20/6/26, 13:03, Valid until:17/6/36, 13:03
2026-06-21T00:42:42.781-03:00 DEBUG 8848 --- [inventoryservice] [onnection-adder] jdk.event.security                       : X509Certificate: Alg:SHA256withRSA, Serial:01, Subject:CN=MySQL_Server_8.3.0_Auto_Generated_CA_Certificate, Issuer:CN=MySQL_Server_8.3.0_Auto_Generated_CA_Certificate, Key type:RSA, Length:2048, Cert Id:1287203465, Valid from:20/6/26, 13:03, Valid until:17/6/36, 13:03
2026-06-21T00:42:42.783-03:00 DEBUG 8848 --- [inventoryservice] [onnection-adder] jdk.event.security                       :  TLSHandshake: localhost:3307, TLSv1.3, TLS_AES_256_GCM_SHA384, 112145427
2026-06-21T00:42:42.790-03:00 DEBUG 8848 --- [inventoryservice] [onnection-adder] com.zaxxer.hikari.pool.PoolBase          : HikariPool-1 - Established new connection (3a44e729-1ad6-4b4a-a325-b644b7ac57c4)
2026-06-21T00:42:42.790-03:00 DEBUG 8848 --- [inventoryservice] [onnection-adder] com.zaxxer.hikari.pool.HikariPool        : HikariPool-1 - Added connection com.mysql.cj.jdbc.ConnectionImpl@50ec6d33
2026-06-21T00:42:42.829-03:00 DEBUG 8848 --- [inventoryservice] [onnection-adder] com.zaxxer.hikari.pool.HikariPool        : HikariPool-1 - After adding stats (total=9/10, idle=9/10, active=0, waiting=0)
2026-06-21T00:42:42.829-03:00 DEBUG 8848 --- [inventoryservice] [onnection-adder] com.zaxxer.hikari.pool.PoolBase          : HikariPool-1 - Attempting to create/setup new connection (c6f2fb16-5277-4cfd-99bf-96c7e54702db)
2026-06-21T00:42:42.839-03:00 DEBUG 8848 --- [inventoryservice] [onnection-adder] jdk.event.security                       : X509Certificate: Alg:SHA256withRSA, Serial:02, Subject:CN=MySQL_Server_8.3.0_Auto_Generated_Server_Certificate, Issuer:CN=MySQL_Server_8.3.0_Auto_Generated_CA_Certificate, Key type:RSA, Length:2048, Cert Id:112145427, Valid from:20/6/26, 13:03, Valid until:17/6/36, 13:03
2026-06-21T00:42:42.840-03:00 DEBUG 8848 --- [inventoryservice] [onnection-adder] jdk.event.security                       : X509Certificate: Alg:SHA256withRSA, Serial:01, Subject:CN=MySQL_Server_8.3.0_Auto_Generated_CA_Certificate, Issuer:CN=MySQL_Server_8.3.0_Auto_Generated_CA_Certificate, Key type:RSA, Length:2048, Cert Id:1287203465, Valid from:20/6/26, 13:03, Valid until:17/6/36, 13:03
2026-06-21T00:42:42.842-03:00 DEBUG 8848 --- [inventoryservice] [onnection-adder] jdk.event.security                       :  TLSHandshake: localhost:3307, TLSv1.3, TLS_AES_256_GCM_SHA384, 112145427
2026-06-21T00:42:42.848-03:00 DEBUG 8848 --- [inventoryservice] [onnection-adder] com.zaxxer.hikari.pool.PoolBase          : HikariPool-1 - Established new connection (c6f2fb16-5277-4cfd-99bf-96c7e54702db)
2026-06-21T00:42:42.849-03:00 DEBUG 8848 --- [inventoryservice] [onnection-adder] com.zaxxer.hikari.pool.HikariPool        : HikariPool-1 - Added connection com.mysql.cj.jdbc.ConnectionImpl@5029515a
2026-06-21T00:42:42.890-03:00 DEBUG 8848 --- [inventoryservice] [onnection-adder] com.zaxxer.hikari.pool.HikariPool        : HikariPool-1 - After adding stats (total=10/10, idle=10/10, active=0, waiting=0)
2026-06-21T00:42:42.890-03:00 DEBUG 8848 --- [inventoryservice] [onnection-adder] com.zaxxer.hikari.pool.HikariPool        : HikariPool-1 - Connection not added, stats (total=10/10, idle=10/10, active=0, waiting=0)
2026-06-21T00:42:43.120-03:00  INFO 8848 --- [inventoryservice] [           main] o.s.o.j.p.SpringPersistenceUnitInfo      : No LoadTimeWeaver setup: ignoring JPA class transformer
2026-06-21T00:42:43.156-03:00 DEBUG 8848 --- [inventoryservice] [           main] org.hibernate.orm.jdbc                   : HHH100017: Database:
	name: MySQL
	version: 8.3.0
	major: 8
	minor: 3
2026-06-21T00:42:43.156-03:00 DEBUG 8848 --- [inventoryservice] [           main] org.hibernate.orm.jdbc                   : HHH100018: Driver:
	name: MySQL Connector/J
	version: mysql-connector-j-9.7.0 (Revision: 0aade1f13bcc98faf7dda5c02e782481eb291f62)
	major: 9
	minor: 7
	JDBC version: 4.2
2026-06-21T00:42:43.262-03:00 DEBUG 8848 --- [inventoryservice] [           main] org.hibernate.orm.dialect                : HHH035001: Using dialect: org.hibernate.dialect.MySQLDialect, version: 8.3
2026-06-21T00:42:43.265-03:00 DEBUG 8848 --- [inventoryservice] [           main] o.h.e.j.env.spi.IdentifierHelperBuilder  : IdentifierCaseStrategy for both quoted and unquoted identifiers was set to the same strategy [MIXED]; that will likely lead to problems in schema update and validation if using quoted identifiers
2026-06-21T00:42:43.276-03:00 DEBUG 8848 --- [inventoryservice] [           main] org.hibernate.orm.jdbc                   : HHH100122: Using default JDBC fetch size: 0
2026-06-21T00:42:43.280-03:00  INFO 8848 --- [inventoryservice] [           main] org.hibernate.orm.connections.pooling    : HHH10001005: Database info:
	Database JDBC URL [jdbc:mysql://localhost:3307/ticketing]
	Database driver: MySQL Connector/J
	Database dialect: MySQLDialect
	Database version: 8.3
	Default catalog/schema: ticketing/undefined
	Autocommit mode: undefined/unknown
	Isolation level: REPEATABLE_READ [default REPEATABLE_READ]
	JDBC fetch size: none
	Pool: DataSourceConnectionProvider
	Minimum pool size: undefined/unknown
	Maximum pool size: undefined/unknown
2026-06-21T00:42:43.488-03:00 DEBUG 8848 --- [inventoryservice] [           main] o.s.o.jpa.hibernate.SpringBeanContainer  : Falling back to Hibernate's default producer after bean creation failure for interface org.hibernate.context.spi.CurrentTenantIdentifierResolver: org.springframework.beans.factory.NoSuchBeanDefinitionException: No qualifying bean of type 'org.hibernate.context.spi.CurrentTenantIdentifierResolver<?>' available
2026-06-21T00:42:43.490-03:00 DEBUG 8848 --- [inventoryservice] [           main] o.s.o.jpa.hibernate.SpringBeanContainer  : Falling back to Hibernate's default producer after bean creation failure for interface org.hibernate.context.spi.TenantSchemaMapper: org.springframework.beans.factory.NoSuchBeanDefinitionException: No qualifying bean of type 'org.hibernate.context.spi.TenantSchemaMapper<?>' available
2026-06-21T00:42:43.490-03:00 DEBUG 8848 --- [inventoryservice] [           main] o.s.o.jpa.hibernate.SpringBeanContainer  : Falling back to Hibernate's default producer after bean creation failure for interface org.hibernate.context.spi.TenantCredentialsMapper: org.springframework.beans.factory.NoSuchBeanDefinitionException: No qualifying bean of type 'org.hibernate.context.spi.TenantCredentialsMapper<?>' available
2026-06-21T00:42:43.560-03:00 DEBUG 8848 --- [inventoryservice] [           main] org.hibernate.orm.factory                : HHH90020001: Instantiating factory [b9248f4c-5cec-483e-9f1e-a978e0679d12] with settings: {java.specification.version=21, sun.cpu.isalist=amd64, hibernate.resource.beans.container=org.springframework.orm.jpa.hibernate.SpringBeanContainer@7dd2a5f7, hibernate.connection.handling_mode=DELAYED_ACQUISITION_AND_HOLD, sun.jnu.encoding=Cp1252, hibernate.implicit_naming_strategy=org.springframework.boot.hibernate.SpringImplicitNamingStrategy, java.class.path=F:\Luciano\Programacion\Java\Booking microservices project\inventoryservice\target\test-classes;F:\Luciano\Programacion\Java\Booking microservices project\inventoryservice\target\classes;C:\Users\Vanesa\.m2\repository\org\springframework\boot\spring-boot-starter-data-jpa\4.1.0\spring-boot-starter-data-jpa-4.1.0.jar;C:\Users\Vanesa\.m2\repository\org\springframework\boot\spring-boot-starter\4.1.0\spring-boot-starter-4.1.0.jar;C:\Users\Vanesa\.m2\repository\org\springframework\boot\spring-boot-starter-logging\4.1.0\spring-boot-starter-logging-4.1.0.jar;C:\Users\Vanesa\.m2\repository\ch\qos\logback\logback-classic\1.5.34\logback-classic-1.5.34.jar;C:\Users\Vanesa\.m2\repository\ch\qos\logback\logback-core\1.5.34\logback-core-1.5.34.jar;C:\Users\Vanesa\.m2\repository\org\apache\logging\log4j\log4j-to-slf4j\2.25.4\log4j-to-slf4j-2.25.4.jar;C:\Users\Vanesa\.m2\repository\org\apache\logging\log4j\log4j-api\2.25.4\log4j-api-2.25.4.jar;C:\Users\Vanesa\.m2\repository\org\slf4j\jul-to-slf4j\2.0.18\jul-to-slf4j-2.0.18.jar;C:\Users\Vanesa\.m2\repository\org\springframework\boot\spring-boot-autoconfigure\4.1.0\spring-boot-autoconfigure-4.1.0.jar;C:\Users\Vanesa\.m2\repository\jakarta\annotation\jakarta.annotation-api\3.0.0\jakarta.annotation-api-3.0.0.jar;C:\Users\Vanesa\.m2\repository\org\yaml\snakeyaml\2.6\snakeyaml-2.6.jar;C:\Users\Vanesa\.m2\repository\org\springframework\boot\spring-boot-starter-jdbc\4.1.0\spring-boot-starter-jdbc-4.1.0.jar;C:\Users\Vanesa\.m2\repository\com\zaxxer\HikariCP\7.0.2\HikariCP-7.0.2.jar;C:\Users\Vanesa\.m2\repository\org\slf4j\slf4j-api\2.0.18\slf4j-api-2.0.18.jar;C:\Users\Vanesa\.m2\repository\org\springframework\boot\spring-boot-data-jpa\4.1.0\spring-boot-data-jpa-4.1.0.jar;C:\Users\Vanesa\.m2\repository\org\springframework\boot\spring-boot-data-commons\4.1.0\spring-boot-data-commons-4.1.0.jar;C:\Users\Vanesa\.m2\repository\org\springframework\boot\spring-boot-persistence\4.1.0\spring-boot-persistence-4.1.0.jar;C:\Users\Vanesa\.m2\repository\org\springframework\data\spring-data-commons\4.1.0\spring-data-commons-4.1.0.jar;C:\Users\Vanesa\.m2\repository\org\springframework\boot\spring-boot-hibernate\4.1.0\spring-boot-hibernate-4.1.0.jar;C:\Users\Vanesa\.m2\repository\org\springframework\boot\spring-boot-jpa\4.1.0\spring-boot-jpa-4.1.0.jar;C:\Users\Vanesa\.m2\repository\jakarta\persistence\jakarta.persistence-api\3.2.0\jakarta.persistence-api-3.2.0.jar;C:\Users\Vanesa\.m2\repository\org\hibernate\orm\hibernate-core\7.4.1.Final\hibernate-core-7.4.1.Final.jar;C:\Users\Vanesa\.m2\repository\jakarta\transaction\jakarta.transaction-api\2.0.1\jakarta.transaction-api-2.0.1.jar;C:\Users\Vanesa\.m2\repository\org\jboss\logging\jboss-logging\3.6.3.Final\jboss-logging-3.6.3.Final.jar;C:\Users\Vanesa\.m2\repository\org\hibernate\models\hibernate-models\1.1.1\hibernate-models-1.1.1.jar;C:\Users\Vanesa\.m2\repository\org\glassfish\jaxb\jaxb-runtime\4.0.9\jaxb-runtime-4.0.9.jar;C:\Users\Vanesa\.m2\repository\org\glassfish\jaxb\jaxb-core\4.0.9\jaxb-core-4.0.9.jar;C:\Users\Vanesa\.m2\repository\org\eclipse\angus\angus-activation\2.0.3\angus-activation-2.0.3.jar;C:\Users\Vanesa\.m2\repository\org\glassfish\jaxb\txw2\4.0.9\txw2-4.0.9.jar;C:\Users\Vanesa\.m2\repository\com\sun\istack\istack-commons-runtime\4.1.2\istack-commons-runtime-4.1.2.jar;C:\Users\Vanesa\.m2\repository\jakarta\inject\jakarta.inject-api\2.0.1\jakarta.inject-api-2.0.1.jar;C:\Users\Vanesa\.m2\repository\org\springframework\spring-orm\7.0.8\spring-orm-7.0.8.jar;C:\Users\Vanesa\.m2\repository\org\springframework\data\spring-data-jpa\4.1.0\spring-data-jpa-4.1.0.jar;C:\Users\Vanesa\.m2\repository\org\springframework\spring-context\7.0.8\spring-context-7.0.8.jar;C:\Users\Vanesa\.m2\repository\org\springframework\spring-tx\7.0.8\spring-tx-7.0.8.jar;C:\Users\Vanesa\.m2\repository\org\antlr\antlr4-runtime\4.13.2\antlr4-runtime-4.13.2.jar;C:\Users\Vanesa\.m2\repository\org\springframework\spring-aspects\7.0.8\spring-aspects-7.0.8.jar;C:\Users\Vanesa\.m2\repository\org\aspectj\aspectjweaver\1.9.25.1\aspectjweaver-1.9.25.1.jar;C:\Users\Vanesa\.m2\repository\org\springframework\boot\spring-boot-jdbc\4.1.0\spring-boot-jdbc-4.1.0.jar;C:\Users\Vanesa\.m2\repository\org\springframework\boot\spring-boot\4.1.0\spring-boot-4.1.0.jar;C:\Users\Vanesa\.m2\repository\org\springframework\boot\spring-boot-sql\4.1.0\spring-boot-sql-4.1.0.jar;C:\Users\Vanesa\.m2\repository\org\springframework\boot\spring-boot-transaction\4.1.0\spring-boot-transaction-4.1.0.jar;C:\Users\Vanesa\.m2\repository\org\springframework\spring-jdbc\7.0.8\spring-jdbc-7.0.8.jar;C:\Users\Vanesa\.m2\repository\org\springframework\boot\spring-boot-starter-flyway\4.1.0\spring-boot-starter-flyway-4.1.0.jar;C:\Users\Vanesa\.m2\repository\org\springframework\boot\spring-boot-flyway\4.1.0\spring-boot-flyway-4.1.0.jar;C:\Users\Vanesa\.m2\repository\org\springframework\boot\spring-boot-starter-security\4.1.0\spring-boot-starter-security-4.1.0.jar;C:\Users\Vanesa\.m2\repository\org\springframework\boot\spring-boot-security\4.1.0\spring-boot-security-4.1.0.jar;C:\Users\Vanesa\.m2\repository\org\springframework\security\spring-security-config\7.1.0\spring-security-config-7.1.0.jar;C:\Users\Vanesa\.m2\repository\org\springframework\security\spring-security-core\7.1.0\spring-security-core-7.1.0.jar;C:\Users\Vanesa\.m2\repository\org\springframework\security\spring-security-crypto\7.1.0\spring-security-crypto-7.1.0.jar;C:\Users\Vanesa\.m2\repository\org\springframework\security\spring-security-web\7.1.0\spring-security-web-7.1.0.jar;C:\Users\Vanesa\.m2\repository\org\springframework\spring-expression\7.0.8\spring-expression-7.0.8.jar;C:\Users\Vanesa\.m2\repository\org\springframework\spring-aop\7.0.8\spring-aop-7.0.8.jar;C:\Users\Vanesa\.m2\repository\org\springframework\spring-beans\7.0.8\spring-beans-7.0.8.jar;C:\Users\Vanesa\.m2\repository\org\springframework\spring-core\7.0.8\spring-core-7.0.8.jar;C:\Users\Vanesa\.m2\repository\commons-logging\commons-logging\1.3.6\commons-logging-1.3.6.jar;C:\Users\Vanesa\.m2\repository\org\jspecify\jspecify\1.0.0\jspecify-1.0.0.jar;C:\Users\Vanesa\.m2\repository\org\springframework\boot\spring-boot-starter-webmvc\4.1.0\spring-boot-starter-webmvc-4.1.0.jar;C:\Users\Vanesa\.m2\repository\org\springframework\boot\spring-boot-starter-jackson\4.1.0\spring-boot-starter-jackson-4.1.0.jar;C:\Users\Vanesa\.m2\repository\org\springframework\boot\spring-boot-jackson\4.1.0\spring-boot-jackson-4.1.0.jar;C:\Users\Vanesa\.m2\repository\org\springframework\boot\spring-boot-starter-tomcat\4.1.0\spring-boot-starter-tomcat-4.1.0.jar;C:\Users\Vanesa\.m2\repository\org\springframework\boot\spring-boot-starter-tomcat-runtime\4.1.0\spring-boot-starter-tomcat-runtime-4.1.0.jar;C:\Users\Vanesa\.m2\repository\org\apache\tomcat\embed\tomcat-embed-core\11.0.22\tomcat-embed-core-11.0.22.jar;C:\Users\Vanesa\.m2\repository\org\apache\tomcat\embed\tomcat-embed-el\11.0.22\tomcat-embed-el-11.0.22.jar;C:\Users\Vanesa\.m2\repository\org\apache\tomcat\embed\tomcat-embed-websocket\11.0.22\tomcat-embed-websocket-11.0.22.jar;C:\Users\Vanesa\.m2\repository\org\springframework\boot\spring-boot-tomcat\4.1.0\spring-boot-tomcat-4.1.0.jar;C:\Users\Vanesa\.m2\repository\org\springframework\boot\spring-boot-http-converter\4.1.0\spring-boot-http-converter-4.1.0.jar;C:\Users\Vanesa\.m2\repository\org\springframework\spring-web\7.0.8\spring-web-7.0.8.jar;C:\Users\Vanesa\.m2\repository\io\micrometer\micrometer-observation\1.17.0\micrometer-observation-1.17.0.jar;C:\Users\Vanesa\.m2\repository\io\micrometer\micrometer-commons\1.17.0\micrometer-commons-1.17.0.jar;C:\Users\Vanesa\.m2\repository\org\springframework\boot\spring-boot-webmvc\4.1.0\spring-boot-webmvc-4.1.0.jar;C:\Users\Vanesa\.m2\repository\org\springframework\boot\spring-boot-servlet\4.1.0\spring-boot-servlet-4.1.0.jar;C:\Users\Vanesa\.m2\repository\org\springframework\spring-webmvc\7.0.8\spring-webmvc-7.0.8.jar;C:\Users\Vanesa\.m2\repository\org\flywaydb\flyway-mysql\12.4.0\flyway-mysql-12.4.0.jar;C:\Users\Vanesa\.m2\repository\org\flywaydb\flyway-core\12.4.0\flyway-core-12.4.0.jar;C:\Users\Vanesa\.m2\repository\tools\jackson\core\jackson-databind\3.1.4\jackson-databind-3.1.4.jar;C:\Users\Vanesa\.m2\repository\com\fasterxml\jackson\core\jackson-annotations\2.21\jackson-annotations-2.21.jar;C:\Users\Vanesa\.m2\repository\tools\jackson\core\jackson-core\3.1.4\jackson-core-3.1.4.jar;C:\Users\Vanesa\.m2\repository\com\mysql\mysql-connector-j\9.7.0\mysql-connector-j-9.7.0.jar;C:\Users\Vanesa\.m2\repository\org\projectlombok\lombok\1.18.46\lombok-1.18.46.jar;C:\Users\Vanesa\.m2\repository\org\springframework\boot\spring-boot-starter-data-jpa-test\4.1.0\spring-boot-starter-data-jpa-test-4.1.0.jar;C:\Users\Vanesa\.m2\repository\org\springframework\boot\spring-boot-starter-test\4.1.0\spring-boot-starter-test-4.1.0.jar;C:\Users\Vanesa\.m2\repository\org\springframework\boot\spring-boot-test\4.1.0\spring-boot-test-4.1.0.jar;C:\Users\Vanesa\.m2\repository\org\springframework\boot\spring-boot-test-autoconfigure\4.1.0\spring-boot-test-autoconfigure-4.1.0.jar;C:\Users\Vanesa\.m2\repository\com\jayway\jsonpath\json-path\2.10.0\json-path-2.10.0.jar;C:\Users\Vanesa\.m2\repository\jakarta\xml\bind\jakarta.xml.bind-api\4.0.5\jakarta.xml.bind-api-4.0.5.jar;C:\Users\Vanesa\.m2\repository\jakarta\activation\jakarta.activation-api\2.1.4\jakarta.activation-api-2.1.4.jar;C:\Users\Vanesa\.m2\repository\net\minidev\json-smart\2.6.0\json-smart-2.6.0.jar;C:\Users\Vanesa\.m2\repository\net\minidev\accessors-smart\2.6.0\accessors-smart-2.6.0.jar;C:\Users\Vanesa\.m2\repository\org\ow2\asm\asm\9.7.1\asm-9.7.1.jar;C:\Users\Vanesa\.m2\repository\org\assertj\assertj-core\3.27.7\assertj-core-3.27.7.jar;C:\Users\Vanesa\.m2\repository\net\bytebuddy\byte-buddy\1.18.10\byte-buddy-1.18.10.jar;C:\Users\Vanesa\.m2\repository\org\awaitility\awaitility\4.3.0\awaitility-4.3.0.jar;C:\Users\Vanesa\.m2\repository\org\hamcrest\hamcrest\3.0\hamcrest-3.0.jar;C:\Users\Vanesa\.m2\repository\org\junit\jupiter\junit-jupiter\6.0.3\junit-jupiter-6.0.3.jar;C:\Users\Vanesa\.m2\repository\org\junit\jupiter\junit-jupiter-api\6.0.3\junit-jupiter-api-6.0.3.jar;C:\Users\Vanesa\.m2\repository\org\opentest4j\opentest4j\1.3.0\opentest4j-1.3.0.jar;C:\Users\Vanesa\.m2\repository\org\junit\platform\junit-platform-commons\6.0.3\junit-platform-commons-6.0.3.jar;C:\Users\Vanesa\.m2\repository\org\apiguardian\apiguardian-api\1.1.2\apiguardian-api-1.1.2.jar;C:\Users\Vanesa\.m2\repository\org\junit\jupiter\junit-jupiter-params\6.0.3\junit-jupiter-params-6.0.3.jar;C:\Users\Vanesa\.m2\repository\org\junit\jupiter\junit-jupiter-engine\6.0.3\junit-jupiter-engine-6.0.3.jar;C:\Users\Vanesa\.m2\repository\org\junit\platform\junit-platform-engine\6.0.3\junit-platform-engine-6.0.3.jar;C:\Users\Vanesa\.m2\repository\org\mockito\mockito-core\5.23.0\mockito-core-5.23.0.jar;C:\Users\Vanesa\.m2\repository\net\bytebuddy\byte-buddy-agent\1.18.10\byte-buddy-agent-1.18.10.jar;C:\Users\Vanesa\.m2\repository\org\objenesis\objenesis\3.3\objenesis-3.3.jar;C:\Users\Vanesa\.m2\repository\org\mockito\mockito-junit-jupiter\5.23.0\mockito-junit-jupiter-5.23.0.jar;C:\Users\Vanesa\.m2\repository\org\skyscreamer\jsonassert\1.5.3\jsonassert-1.5.3.jar;C:\Users\Vanesa\.m2\repository\com\vaadin\external\google\android-json\0.0.20131108.vaadin1\android-json-0.0.20131108.vaadin1.jar;C:\Users\Vanesa\.m2\repository\org\springframework\spring-test\7.0.8\spring-test-7.0.8.jar;C:\Users\Vanesa\.m2\repository\org\xmlunit\xmlunit-core\2.11.0\xmlunit-core-2.11.0.jar;C:\Users\Vanesa\.m2\repository\org\springframework\boot\spring-boot-starter-jdbc-test\4.1.0\spring-boot-starter-jdbc-test-4.1.0.jar;C:\Users\Vanesa\.m2\repository\org\springframework\boot\spring-boot-jdbc-test\4.1.0\spring-boot-jdbc-test-4.1.0.jar;C:\Users\Vanesa\.m2\repository\org\springframework\boot\spring-boot-data-jpa-test\4.1.0\spring-boot-data-jpa-test-4.1.0.jar;C:\Users\Vanesa\.m2\repository\org\springframework\boot\spring-boot-jpa-test\4.1.0\spring-boot-jpa-test-4.1.0.jar;C:\Users\Vanesa\.m2\repository\org\springframework\boot\spring-boot-starter-flyway-test\4.1.0\spring-boot-starter-flyway-test-4.1.0.jar;C:\Users\Vanesa\.m2\repository\org\springframework\boot\spring-boot-starter-security-test\4.1.0\spring-boot-starter-security-test-4.1.0.jar;C:\Users\Vanesa\.m2\repository\org\springframework\boot\spring-boot-security-test\4.1.0\spring-boot-security-test-4.1.0.jar;C:\Users\Vanesa\.m2\repository\org\springframework\security\spring-security-test\7.1.0\spring-security-test-7.1.0.jar;C:\Users\Vanesa\.m2\repository\org\springframework\boot\spring-boot-starter-webmvc-test\4.1.0\spring-boot-starter-webmvc-test-4.1.0.jar;C:\Users\Vanesa\.m2\repository\org\springframework\boot\spring-boot-starter-jackson-test\4.1.0\spring-boot-starter-jackson-test-4.1.0.jar;C:\Users\Vanesa\.m2\repository\org\springframework\boot\spring-boot-webmvc-test\4.1.0\spring-boot-webmvc-test-4.1.0.jar;C:\Users\Vanesa\.m2\repository\org\springframework\boot\spring-boot-web-server\4.1.0\spring-boot-web-server-4.1.0.jar;C:\Users\Vanesa\.m2\repository\org\springframework\boot\spring-boot-resttestclient\4.1.0\spring-boot-resttestclient-4.1.0.jar;, java.vm.vendor=Oracle Corporation, sun.arch.data.model=64, user.variant=, java.vendor.url=https://java.oracle.com/, user.timezone=America/Buenos_Aires, jakarta.persistence.sharedCache.mode=UNSPECIFIED, org.jboss.logging.provider=slf4j, java.vm.specification.version=21, os.name=Windows 11, APPLICATION_NAME=inventoryservice, jakarta.persistence.nonJtaDataSource=HikariDataSource (HikariPool-1), sun.java.launcher=SUN_STANDARD, user.country=ES, sun.boot.library.path=C:\Program Files\Java\jdk-21\bin, sun.java.command=C:\Users\Vanesa\AppData\Local\Temp\surefire1939285341684039574\surefirebooter-20260621004239384_3.jar C:\Users\Vanesa\AppData\Local\Temp\surefire1939285341684039574 2026-06-21T00-42-39_243-jvmRun1 surefire-20260621004239384_1tmp surefire_0-20260621004239384_2tmp, javax.persistence.nonJtaDataSource=HikariDataSource (HikariPool-1), jdk.debug=release, surefire.test.class.path=F:\Luciano\Programacion\Java\Booking microservices project\inventoryservice\target\test-classes;F:\Luciano\Programacion\Java\Booking microservices project\inventoryservice\target\classes;C:\Users\Vanesa\.m2\repository\org\springframework\boot\spring-boot-starter-data-jpa\4.1.0\spring-boot-starter-data-jpa-4.1.0.jar;C:\Users\Vanesa\.m2\repository\org\springframework\boot\spring-boot-starter\4.1.0\spring-boot-starter-4.1.0.jar;C:\Users\Vanesa\.m2\repository\org\springframework\boot\spring-boot-starter-logging\4.1.0\spring-boot-starter-logging-4.1.0.jar;C:\Users\Vanesa\.m2\repository\ch\qos\logback\logback-classic\1.5.34\logback-classic-1.5.34.jar;C:\Users\Vanesa\.m2\repository\ch\qos\logback\logback-core\1.5.34\logback-core-1.5.34.jar;C:\Users\Vanesa\.m2\repository\org\apache\logging\log4j\log4j-to-slf4j\2.25.4\log4j-to-slf4j-2.25.4.jar;C:\Users\Vanesa\.m2\repository\org\apache\logging\log4j\log4j-api\2.25.4\log4j-api-2.25.4.jar;C:\Users\Vanesa\.m2\repository\org\slf4j\jul-to-slf4j\2.0.18\jul-to-slf4j-2.0.18.jar;C:\Users\Vanesa\.m2\repository\org\springframework\boot\spring-boot-autoconfigure\4.1.0\spring-boot-autoconfigure-4.1.0.jar;C:\Users\Vanesa\.m2\repository\jakarta\annotation\jakarta.annotation-api\3.0.0\jakarta.annotation-api-3.0.0.jar;C:\Users\Vanesa\.m2\repository\org\yaml\snakeyaml\2.6\snakeyaml-2.6.jar;C:\Users\Vanesa\.m2\repository\org\springframework\boot\spring-boot-starter-jdbc\4.1.0\spring-boot-starter-jdbc-4.1.0.jar;C:\Users\Vanesa\.m2\repository\com\zaxxer\HikariCP\7.0.2\HikariCP-7.0.2.jar;C:\Users\Vanesa\.m2\repository\org\slf4j\slf4j-api\2.0.18\slf4j-api-2.0.18.jar;C:\Users\Vanesa\.m2\repository\org\springframework\boot\spring-boot-data-jpa\4.1.0\spring-boot-data-jpa-4.1.0.jar;C:\Users\Vanesa\.m2\repository\org\springframework\boot\spring-boot-data-commons\4.1.0\spring-boot-data-commons-4.1.0.jar;C:\Users\Vanesa\.m2\repository\org\springframework\boot\spring-boot-persistence\4.1.0\spring-boot-persistence-4.1.0.jar;C:\Users\Vanesa\.m2\repository\org\springframework\data\spring-data-commons\4.1.0\spring-data-commons-4.1.0.jar;C:\Users\Vanesa\.m2\repository\org\springframework\boot\spring-boot-hibernate\4.1.0\spring-boot-hibernate-4.1.0.jar;C:\Users\Vanesa\.m2\repository\org\springframework\boot\spring-boot-jpa\4.1.0\spring-boot-jpa-4.1.0.jar;C:\Users\Vanesa\.m2\repository\jakarta\persistence\jakarta.persistence-api\3.2.0\jakarta.persistence-api-3.2.0.jar;C:\Users\Vanesa\.m2\repository\org\hibernate\orm\hibernate-core\7.4.1.Final\hibernate-core-7.4.1.Final.jar;C:\Users\Vanesa\.m2\repository\jakarta\transaction\jakarta.transaction-api\2.0.1\jakarta.transaction-api-2.0.1.jar;C:\Users\Vanesa\.m2\repository\org\jboss\logging\jboss-logging\3.6.3.Final\jboss-logging-3.6.3.Final.jar;C:\Users\Vanesa\.m2\repository\org\hibernate\models\hibernate-models\1.1.1\hibernate-models-1.1.1.jar;C:\Users\Vanesa\.m2\repository\org\glassfish\jaxb\jaxb-runtime\4.0.9\jaxb-runtime-4.0.9.jar;C:\Users\Vanesa\.m2\repository\org\glassfish\jaxb\jaxb-core\4.0.9\jaxb-core-4.0.9.jar;C:\Users\Vanesa\.m2\repository\org\eclipse\angus\angus-activation\2.0.3\angus-activation-2.0.3.jar;C:\Users\Vanesa\.m2\repository\org\glassfish\jaxb\txw2\4.0.9\txw2-4.0.9.jar;C:\Users\Vanesa\.m2\repository\com\sun\istack\istack-commons-runtime\4.1.2\istack-commons-runtime-4.1.2.jar;C:\Users\Vanesa\.m2\repository\jakarta\inject\jakarta.inject-api\2.0.1\jakarta.inject-api-2.0.1.jar;C:\Users\Vanesa\.m2\repository\org\springframework\spring-orm\7.0.8\spring-orm-7.0.8.jar;C:\Users\Vanesa\.m2\repository\org\springframework\data\spring-data-jpa\4.1.0\spring-data-jpa-4.1.0.jar;C:\Users\Vanesa\.m2\repository\org\springframework\spring-context\7.0.8\spring-context-7.0.8.jar;C:\Users\Vanesa\.m2\repository\org\springframework\spring-tx\7.0.8\spring-tx-7.0.8.jar;C:\Users\Vanesa\.m2\repository\org\antlr\antlr4-runtime\4.13.2\antlr4-runtime-4.13.2.jar;C:\Users\Vanesa\.m2\repository\org\springframework\spring-aspects\7.0.8\spring-aspects-7.0.8.jar;C:\Users\Vanesa\.m2\repository\org\aspectj\aspectjweaver\1.9.25.1\aspectjweaver-1.9.25.1.jar;C:\Users\Vanesa\.m2\repository\org\springframework\boot\spring-boot-jdbc\4.1.0\spring-boot-jdbc-4.1.0.jar;C:\Users\Vanesa\.m2\repository\org\springframework\boot\spring-boot\4.1.0\spring-boot-4.1.0.jar;C:\Users\Vanesa\.m2\repository\org\springframework\boot\spring-boot-sql\4.1.0\spring-boot-sql-4.1.0.jar;C:\Users\Vanesa\.m2\repository\org\springframework\boot\spring-boot-transaction\4.1.0\spring-boot-transaction-4.1.0.jar;C:\Users\Vanesa\.m2\repository\org\springframework\spring-jdbc\7.0.8\spring-jdbc-7.0.8.jar;C:\Users\Vanesa\.m2\repository\org\springframework\boot\spring-boot-starter-flyway\4.1.0\spring-boot-starter-flyway-4.1.0.jar;C:\Users\Vanesa\.m2\repository\org\springframework\boot\spring-boot-flyway\4.1.0\spring-boot-flyway-4.1.0.jar;C:\Users\Vanesa\.m2\repository\org\springframework\boot\spring-boot-starter-security\4.1.0\spring-boot-starter-security-4.1.0.jar;C:\Users\Vanesa\.m2\repository\org\springframework\boot\spring-boot-security\4.1.0\spring-boot-security-4.1.0.jar;C:\Users\Vanesa\.m2\repository\org\springframework\security\spring-security-config\7.1.0\spring-security-config-7.1.0.jar;C:\Users\Vanesa\.m2\repository\org\springframework\security\spring-security-core\7.1.0\spring-security-core-7.1.0.jar;C:\Users\Vanesa\.m2\repository\org\springframework\security\spring-security-crypto\7.1.0\spring-security-crypto-7.1.0.jar;C:\Users\Vanesa\.m2\repository\org\springframework\security\spring-security-web\7.1.0\spring-security-web-7.1.0.jar;C:\Users\Vanesa\.m2\repository\org\springframework\spring-expression\7.0.8\spring-expression-7.0.8.jar;C:\Users\Vanesa\.m2\repository\org\springframework\spring-aop\7.0.8\spring-aop-7.0.8.jar;C:\Users\Vanesa\.m2\repository\org\springframework\spring-beans\7.0.8\spring-beans-7.0.8.jar;C:\Users\Vanesa\.m2\repository\org\springframework\spring-core\7.0.8\spring-core-7.0.8.jar;C:\Users\Vanesa\.m2\repository\commons-logging\common
[...]
      Matched:
         - @ConditionalOnClass found required classes 'javax.sql.DataSource', 'jakarta.transaction.TransactionManager', 'org.springframework.jdbc.datasource.embedded.EmbeddedDatabaseType' (OnClassCondition)


Exclusions:
-----------

    None


Unconditional classes:
----------------------

    org.springframework.boot.autoconfigure.context.ConfigurationPropertiesAutoConfiguration

    org.springframework.boot.autoconfigure.ssl.SslAutoConfiguration

    org.springframework.boot.autoconfigure.context.LifecycleAutoConfiguration

    org.springframework.boot.autoconfigure.context.PropertyPlaceholderAutoConfiguration

    org.springframework.boot.autoconfigure.availability.ApplicationAvailabilityAutoConfiguration

    org.springframework.boot.autoconfigure.info.ProjectInfoAutoConfiguration



2026-06-21T00:42:45.290-03:00  INFO 8848 --- [inventoryservice] [           main] c.e.l.i.InventoryserviceApplicationTests : Started InventoryserviceApplicationTests in 4.799 seconds (process running for 5.78)
2026-06-21T00:42:45.290-03:00 DEBUG 8848 --- [inventoryservice] [           main] o.s.b.a.ApplicationAvailabilityBean      : Application availability state LivenessState changed to CORRECT
2026-06-21T00:42:45.298-03:00 DEBUG 8848 --- [inventoryservice] [           main] o.s.b.a.ApplicationAvailabilityBean      : Application availability state ReadinessState changed to ACCEPTING_TRAFFIC
2026-06-21T00:42:45.298-03:00 DEBUG 8848 --- [inventoryservice] [           main] org.springframework.test.context.cache   : Spring test ApplicationContext cache statistics: [DefaultContextCache@3110bb19 size = 1, maxSize = 32, contextUsageCount = 0, parentContextCount = 0, hitCount = 0, missCount = 1, failureCount = 0]
2026-06-21T00:42:45.300-03:00 DEBUG 8848 --- [inventoryservice] [           main] o.s.t.c.w.ServletTestExecutionListener   : Setting up MockHttpServletRequest, MockHttpServletResponse, ServletWebRequest, and RequestContextHolder for test class com.example.luciano.inventoryservice.InventoryserviceApplicationTests
2026-06-21T00:42:45.312-03:00 DEBUG 8848 --- [inventoryservice] [           main] DependencyInjectionTestExecutionListener : Performing dependency injection for test class com.example.luciano.inventoryservice.InventoryserviceApplicationTests
2026-06-21T00:42:45.312-03:00 DEBUG 8848 --- [inventoryservice] [           main] org.springframework.test.context.cache   : Spring test ApplicationContext cache statistics: [DefaultContextCache@3110bb19 size = 1, maxSize = 32, contextUsageCount = 1, parentContextCount = 0, hitCount = 1, missCount = 1, failureCount = 0]
2026-06-21T00:42:45.312-03:00 DEBUG 8848 --- [inventoryservice] [           main] org.springframework.test.context.cache   : Spring test ApplicationContext cache statistics: [DefaultContextCache@3110bb19 size = 1, maxSize = 32, contextUsageCount = 1, parentContextCount = 0, hitCount = 2, missCount = 1, failureCount = 0]
2026-06-21T00:42:45.327-03:00 DEBUG 8848 --- [inventoryservice] [           main] sContextBeforeModesTestExecutionListener : Before test method: class [InventoryserviceApplicationTests], method [contextLoads], class annotated with @DirtiesContext [false] with mode [null], method annotated with @DirtiesContext [false] with mode [null]
2026-06-21T00:42:45.330-03:00 DEBUG 8848 --- [inventoryservice] [           main] org.springframework.test.context.cache   : Spring test ApplicationContext cache statistics: [DefaultContextCache@3110bb19 size = 1, maxSize = 32, contextUsageCount = 1, parentContextCount = 0, hitCount = 3, missCount = 1, failureCount = 0]
2026-06-21T00:42:45.371-03:00 DEBUG 8848 --- [inventoryservice] [           main] java.lang.ProcessBuilder                 : ProcessBuilder.start(): pid: 18124, dir: null, cmd: "C:\Program Files\Java\jdk-21\bin\java.exe"

java.lang.RuntimeException: ProcessBuilder.start() debug
	at java.base/java.lang.ProcessBuilder.start(ProcessBuilder.java:1147) ~[na:na]
	at java.base/java.lang.ProcessBuilder.start(ProcessBuilder.java:1089) ~[na:na]
	at net.bytebuddy.agent.ByteBuddyAgent.installExternal(ByteBuddyAgent.java:709) ~[byte-buddy-agent-1.18.10.jar:na]
	at net.bytebuddy.agent.ByteBuddyAgent.install(ByteBuddyAgent.java:615) ~[byte-buddy-agent-1.18.10.jar:na]
	at net.bytebuddy.agent.ByteBuddyAgent.install(ByteBuddyAgent.java:595) ~[byte-buddy-agent-1.18.10.jar:na]
	at net.bytebuddy.agent.ByteBuddyAgent.install(ByteBuddyAgent.java:547) ~[byte-buddy-agent-1.18.10.jar:na]
	at net.bytebuddy.agent.ByteBuddyAgent.install(ByteBuddyAgent.java:524) ~[byte-buddy-agent-1.18.10.jar:na]
	at org.mockito.internal.PremainAttachAccess.getInstrumentation(PremainAttachAccess.java:80) ~[mockito-core-5.23.0.jar:na]
	at org.mockito.internal.creation.bytebuddy.InlineDelegateByteBuddyMockMaker.<clinit>(InlineDelegateByteBuddyMockMaker.java:139) ~[mockito-core-5.23.0.jar:na]
	at org.mockito.internal.creation.bytebuddy.InlineByteBuddyMockMaker.<init>(InlineByteBuddyMockMaker.java:23) ~[mockito-core-5.23.0.jar:na]
	at java.base/jdk.internal.reflect.DirectConstructorHandleAccessor.newInstance(DirectConstructorHandleAccessor.java:62) ~[na:na]
	at java.base/java.lang.reflect.Constructor.newInstanceWithCaller(Constructor.java:502) ~[na:na]
	at java.base/java.lang.reflect.Constructor.newInstance(Constructor.java:486) ~[na:na]
	at org.mockito.internal.configuration.plugins.DefaultMockitoPlugins.create(DefaultMockitoPlugins.java:103) ~[mockito-core-5.23.0.jar:na]
	at org.mockito.internal.configuration.plugins.DefaultMockitoPlugins.getDefaultPlugin(DefaultMockitoPlugins.java:79) ~[mockito-core-5.23.0.jar:na]
	at org.mockito.internal.configuration.plugins.PluginLoader.loadPlugin(PluginLoader.java:75) ~[mockito-core-5.23.0.jar:na]
	at org.mockito.internal.configuration.plugins.PluginLoader.loadPlugin(PluginLoader.java:49) ~[mockito-core-5.23.0.jar:na]
	at org.mockito.internal.configuration.plugins.PluginRegistry.<init>(PluginRegistry.java:29) ~[mockito-core-5.23.0.jar:na]
	at org.mockito.internal.configuration.plugins.Plugins.<clinit>(Plugins.java:26) ~[mockito-core-5.23.0.jar:na]
	at org.mockito.internal.MockitoCore.<clinit>(MockitoCore.java:74) ~[mockito-core-5.23.0.jar:na]
	at org.mockito.Mockito.<clinit>(Mockito.java:1810) ~[mockito-core-5.23.0.jar:na]
	at org.springframework.test.context.bean.override.mockito.MockitoResetTestExecutionListener.isEnabled(MockitoResetTestExecutionListener.java:174) ~[spring-test-7.0.8.jar:7.0.8]
	at org.springframework.test.context.bean.override.mockito.MockitoResetTestExecutionListener.beforeTestMethod(MockitoResetTestExecutionListener.java:95) ~[spring-test-7.0.8.jar:7.0.8]
	at org.springframework.test.context.TestContextManager.beforeTestMethod(TestContextManager.java:320) ~[spring-test-7.0.8.jar:7.0.8]
	at org.springframework.test.context.junit.jupiter.SpringExtension.beforeEach(SpringExtension.java:319) ~[spring-test-7.0.8.jar:7.0.8]
	at org.junit.jupiter.engine.descriptor.CallbackSupport.lambda$invokeBeforeCallbacks$0(CallbackSupport.java:34) ~[junit-jupiter-engine-6.0.3.jar:6.0.3]
	at org.junit.platform.engine.support.hierarchical.ThrowableCollector.execute(ThrowableCollector.java:74) ~[junit-platform-engine-6.0.3.jar:6.0.3]
	at org.junit.jupiter.engine.descriptor.CallbackSupport.invokeBeforeCallbacks(CallbackSupport.java:34) ~[junit-jupiter-engine-6.0.3.jar:6.0.3]
	at org.junit.jupiter.engine.descriptor.TestMethodTestDescriptor.invokeBeforeEachCallbacks(TestMethodTestDescriptor.java:184) ~[junit-jupiter-engine-6.0.3.jar:6.0.3]
	at org.junit.jupiter.engine.descriptor.TestMethodTestDescriptor.execute(TestMethodTestDescriptor.java:151) ~[junit-jupiter-engine-6.0.3.jar:6.0.3]
	at org.junit.jupiter.engine.descriptor.TestMethodTestDescriptor.execute(TestMethodTestDescriptor.java:70) ~[junit-jupiter-engine-6.0.3.jar:6.0.3]
	at org.junit.platform.engine.support.hierarchical.NodeTestTask.lambda$executeRecursively$2(NodeTestTask.java:176) ~[junit-platform-engine-6.0.3.jar:6.0.3]
	at org.junit.platform.engine.support.hierarchical.ThrowableCollector.execute(ThrowableCollector.java:74) ~[junit-platform-engine-6.0.3.jar:6.0.3]
	at org.junit.platform.engine.support.hierarchical.NodeTestTask.lambda$executeRecursively$1(NodeTestTask.java:166) ~[junit-platform-engine-6.0.3.jar:6.0.3]
	at org.junit.platform.engine.support.hierarchical.Node.around(Node.java:138) ~[junit-platform-engine-6.0.3.jar:6.0.3]
	at org.junit.platform.engine.support.hierarchical.NodeTestTask.lambda$executeRecursively$0(NodeTestTask.java:164) ~[junit-platform-engine-6.0.3.jar:6.0.3]
	at org.junit.platform.engine.support.hierarchical.ThrowableCollector.execute(ThrowableCollector.java:74) ~[junit-platform-engine-6.0.3.jar:6.0.3]
	at org.junit.platform.engine.support.hierarchical.NodeTestTask.executeRecursively(NodeTestTask.java:163) ~[junit-platform-engine-6.0.3.jar:6.0.3]
	at org.junit.platform.engine.support.hierarchical.NodeTestTask.execute(NodeTestTask.java:116) ~[junit-platform-engine-6.0.3.jar:6.0.3]
	at java.base/java.util.ArrayList.forEach(ArrayList.java:1596) ~[na:na]
	at org.junit.platform.engine.support.hierarchical.SameThreadHierarchicalTestExecutorService.invokeAll(SameThreadHierarchicalTestExecutorService.java:42) ~[junit-platform-engine-6.0.3.jar:6.0.3]
	at org.junit.platform.engine.support.hierarchical.NodeTestTask.lambda$executeRecursively$2(NodeTestTask.java:180) ~[junit-platform-engine-6.0.3.jar:6.0.3]
	at org.junit.platform.engine.support.hierarchical.ThrowableCollector.execute(ThrowableCollector.java:74) ~[junit-platform-engine-6.0.3.jar:6.0.3]
	at org.junit.platform.engine.support.hierarchical.NodeTestTask.lambda$executeRecursively$1(NodeTestTask.java:166) ~[junit-platform-engine-6.0.3.jar:6.0.3]
	at org.junit.platform.engine.support.hierarchical.Node.around(Node.java:138) ~[junit-platform-engine-6.0.3.jar:6.0.3]
	at org.junit.platform.engine.support.hierarchical.NodeTestTask.lambda$executeRecursively$0(NodeTestTask.java:164) ~[junit-platform-engine-6.0.3.jar:6.0.3]
	at org.junit.platform.engine.support.hierarchical.ThrowableCollector.execute(ThrowableCollector.java:74) ~[junit-platform-engine-6.0.3.jar:6.0.3]
	at org.junit.platform.engine.support.hierarchical.NodeTestTask.executeRecursively(NodeTestTask.java:163) ~[junit-platform-engine-6.0.3.jar:6.0.3]
	at org.junit.platform.engine.support.hierarchical.NodeTestTask.execute(NodeTestTask.java:116) ~[junit-platform-engine-6.0.3.jar:6.0.3]
	at java.base/java.util.ArrayList.forEach(ArrayList.java:1596) ~[na:na]
	at org.junit.platform.engine.support.hierarchical.SameThreadHierarchicalTestExecutorService.invokeAll(SameThreadHierarchicalTestExecutorService.java:42) ~[junit-platform-engine-6.0.3.jar:6.0.3]
	at org.junit.platform.engine.support.hierarchical.NodeTestTask.lambda$executeRecursively$2(NodeTestTask.java:180) ~[junit-platform-engine-6.0.3.jar:6.0.3]
	at org.junit.platform.engine.support.hierarchical.ThrowableCollector.execute(ThrowableCollector.java:74) ~[junit-platform-engine-6.0.3.jar:6.0.3]
	at org.junit.platform.engine.support.hierarchical.NodeTestTask.lambda$executeRecursively$1(NodeTestTask.java:166) ~[junit-platform-engine-6.0.3.jar:6.0.3]
	at org.junit.platform.engine.support.hierarchical.Node.around(Node.java:138) ~[junit-platform-engine-6.0.3.jar:6.0.3]
	at org.junit.platform.engine.support.hierarchical.NodeTestTask.lambda$executeRecursively$0(NodeTestTask.java:164) ~[junit-platform-engine-6.0.3.jar:6.0.3]
	at org.junit.platform.engine.support.hierarchical.ThrowableCollector.execute(ThrowableCollector.java:74) ~[junit-platform-engine-6.0.3.jar:6.0.3]
	at org.junit.platform.engine.support.hierarchical.NodeTestTask.executeRecursively(NodeTestTask.java:163) ~[junit-platform-engine-6.0.3.jar:6.0.3]
	at org.junit.platform.engine.support.hierarchical.NodeTestTask.execute(NodeTestTask.java:116) ~[junit-platform-engine-6.0.3.jar:6.0.3]
	at org.junit.platform.engine.support.hierarchical.SameThreadHierarchicalTestExecutorService.submit(SameThreadHierarchicalTestExecutorService.java:36) ~[junit-platform-engine-6.0.3.jar:6.0.3]
	at org.junit.platform.engine.support.hierarchical.HierarchicalTestExecutor.execute(HierarchicalTestExecutor.java:52) ~[junit-platform-engine-6.0.3.jar:6.0.3]
	at org.junit.platform.engine.support.hierarchical.HierarchicalTestEngine.execute(HierarchicalTestEngine.java:58) ~[junit-platform-engine-6.0.3.jar:6.0.3]
	at org.junit.platform.launcher.core.EngineExecutionOrchestrator.executeEngine(EngineExecutionOrchestrator.java:246) ~[junit-platform-launcher-6.0.3.jar:6.0.3]
	at org.junit.platform.launcher.core.EngineExecutionOrchestrator.failOrExecuteEngine(EngineExecutionOrchestrator.java:218) ~[junit-platform-launcher-6.0.3.jar:6.0.3]
	at org.junit.platform.launcher.core.EngineExecutionOrchestrator.execute(EngineExecutionOrchestrator.java:179) ~[junit-platform-launcher-6.0.3.jar:6.0.3]
	at org.junit.platform.launcher.core.EngineExecutionOrchestrator.execute(EngineExecutionOrchestrator.java:108) ~[junit-platform-launcher-6.0.3.jar:6.0.3]
	at org.junit.platform.launcher.core.EngineExecutionOrchestrator.lambda$execute$0(EngineExecutionOrchestrator.java:66) ~[junit-platform-launcher-6.0.3.jar:6.0.3]
	at org.junit.platform.launcher.core.EngineExecutionOrchestrator.withInterceptedStreams(EngineExecutionOrchestrator.java:157) ~[junit-platform-launcher-6.0.3.jar:6.0.3]
	at org.junit.platform.launcher.core.EngineExecutionOrchestrator.execute(EngineExecutionOrchestrator.java:65) ~[junit-platform-launcher-6.0.3.jar:6.0.3]
	at org.junit.platform.launcher.core.DefaultLauncher.execute(DefaultLauncher.java:125) ~[junit-platform-launcher-6.0.3.jar:6.0.3]
	at org.junit.platform.launcher.core.DefaultLauncher.execute(DefaultLauncher.java:114) ~[junit-platform-launcher-6.0.3.jar:6.0.3]
	at org.junit.platform.launcher.core.DelegatingLauncher.execute(DelegatingLauncher.java:58) ~[junit-platform-launcher-6.0.3.jar:6.0.3]
	at org.junit.platform.launcher.core.InterceptingLauncher.lambda$execute$2(InterceptingLauncher.java:57) ~[junit-platform-launcher-6.0.3.jar:6.0.3]
	at org.junit.platform.launcher.core.ClasspathAlignmentCheckingLauncherInterceptor.intercept(ClasspathAlignmentCheckingLauncherInterceptor.java:25) ~[junit-platform-launcher-6.0.3.jar:6.0.3]
	at org.junit.platform.launcher.core.InterceptingLauncher.execute(InterceptingLauncher.java:56) ~[junit-platform-launcher-6.0.3.jar:6.0.3]
	at org.junit.platform.launcher.core.DelegatingLauncher.execute(DelegatingLauncher.java:58) ~[junit-platform-launcher-6.0.3.jar:6.0.3]
	at java.base/jdk.internal.reflect.DirectMethodHandleAccessor.invoke(DirectMethodHandleAccessor.java:103) ~[na:na]
	at java.base/java.lang.reflect.Method.invoke(Method.java:580) ~[na:na]
	at org.apache.maven.surefire.api.util.ReflectionUtils.invokeMethodWithArray(ReflectionUtils.java:125) ~[surefire-api-3.5.6.jar:3.5.6]
	at org.apache.maven.surefire.junitplatform.LauncherAdapter.executeWithCancellationToken(LauncherAdapter.java:68) ~[surefire-junit-platform-3.5.6.jar:3.5.6]
	at org.apache.maven.surefire.junitplatform.LauncherAdapter.execute(LauncherAdapter.java:54) ~[surefire-junit-platform-3.5.6.jar:3.5.6]
	at org.apache.maven.surefire.junitplatform.JUnitPlatformProvider.execute(JUnitPlatformProvider.java:203) ~[surefire-junit-platform-3.5.6.jar:3.5.6]
	at org.apache.maven.surefire.junitplatform.JUnitPlatformProvider.invokeAllTests(JUnitPlatformProvider.java:168) ~[surefire-junit-platform-3.5.6.jar:3.5.6]
	at org.apache.maven.surefire.junitplatform.JUnitPlatformProvider.invoke(JUnitPlatformProvider.java:136) ~[surefire-junit-platform-3.5.6.jar:3.5.6]
	at org.apache.maven.surefire.booter.ForkedBooter.runSuitesInProcess(ForkedBooter.java:385) ~[surefire-booter-3.5.6.jar:3.5.6]
	at org.apache.maven.surefire.booter.ForkedBooter.execute(ForkedBooter.java:162) ~[surefire-booter-3.5.6.jar:3.5.6]
	at org.apache.maven.surefire.booter.ForkedBooter.run(ForkedBooter.java:507) ~[surefire-booter-3.5.6.jar:3.5.6]
	at org.apache.maven.surefire.booter.ForkedBooter.main(ForkedBooter.java:495) ~[surefire-booter-3.5.6.jar:3.5.6]

2026-06-21T00:42:45.743-03:00 DEBUG 8848 --- [inventoryservice] [           main] org.springframework.test.context.cache   : Spring test ApplicationContext cache statistics: [DefaultContextCache@3110bb19 size = 1, maxSize = 32, contextUsageCount = 1, parentContextCount = 0, hitCount = 4, missCount = 1, failureCount = 0]
2026-06-21T00:42:45.747-03:00 DEBUG 8848 --- [inventoryservice] [           main] org.springframework.test.context.cache   : Spring test ApplicationContext cache statistics: [DefaultContextCache@3110bb19 size = 1, maxSize = 32, contextUsageCount = 1, parentContextCount = 0, hitCount = 5, missCount = 1, failureCount = 0]
2026-06-21T00:42:45.753-03:00 DEBUG 8848 --- [inventoryservice] [           main] org.springframework.test.context.cache   : Spring test ApplicationContext cache statistics: [DefaultContextCache@3110bb19 size = 1, maxSize = 32, contextUsageCount = 1, parentContextCount = 0, hitCount = 6, missCount = 1, failureCount = 0]
2026-06-21T00:42:45.755-03:00 DEBUG 8848 --- [inventoryservice] [           main] org.springframework.test.context.cache   : Spring test ApplicationContext cache statistics: [DefaultContextCache@3110bb19 size = 1, maxSize = 32, contextUsageCount = 1, parentContextCount = 0, hitCount = 7, missCount = 1, failureCount = 0]
2026-06-21T00:42:45.755-03:00 DEBUG 8848 --- [inventoryservice] [           main] org.springframework.test.context.cache   : Spring test ApplicationContext cache statistics: [DefaultContextCache@3110bb19 size = 1, maxSize = 32, contextUsageCount = 1, parentContextCount = 0, hitCount = 8, missCount = 1, failureCount = 0]
2026-06-21T00:42:45.755-03:00 DEBUG 8848 --- [inventoryservice] [           main] org.springframework.test.context.cache   : Spring test ApplicationContext cache statistics: [DefaultContextCache@3110bb19 size = 1, maxSize = 32, contextUsageCount = 1, parentContextCount = 0, hitCount = 9, missCount = 1, failureCount = 0]
2026-06-21T00:42:45.757-03:00 DEBUG 8848 --- [inventoryservice] [           main] org.springframework.test.context.cache   : Spring test ApplicationContext cache statistics: [DefaultContextCache@3110bb19 size = 1, maxSize = 32, contextUsageCount = 1, parentContextCount = 0, hitCount = 10, missCount = 1, failureCount = 0]
2026-06-21T00:42:45.758-03:00 DEBUG 8848 --- [inventoryservice] [           main] org.springframework.test.context.cache   : Spring test ApplicationContext cache statistics: [DefaultContextCache@3110bb19 size = 1, maxSize = 32, contextUsageCount = 1, parentContextCount = 0, hitCount = 11, missCount = 1, failureCount = 0]
2026-06-21T00:42:45.758-03:00 DEBUG 8848 --- [inventoryservice] [           main] .c.s.DirtiesContextTestExecutionListener : After test method: class [InventoryserviceApplicationTests], method [contextLoads], class annotated with @DirtiesContext [false] with mode [null], method annotated with @DirtiesContext [false] with mode [null]
2026-06-21T00:42:45.758-03:00 DEBUG 8848 --- [inventoryservice] [           main] o.s.t.c.w.ServletTestExecutionListener   : Resetting RequestContextHolder for test class com.example.luciano.inventoryservice.InventoryserviceApplicationTests
]]></system-out>
    <system-err><![CDATA[Mockito is currently self-attaching to enable the inline-mock-maker. This will no longer work in future releases of the JDK. Please add Mockito as an agent to your build as described in Mockito's documentation: https://javadoc.io/doc/org.mockito/mockito-core/latest/org.mockito/org/mockito/Mockito.html#0.3
WARNING: A Java agent has been loaded dynamically (C:\Users\Vanesa\.m2\repository\net\bytebuddy\byte-buddy-agent\1.18.10\byte-buddy-agent-1.18.10.jar)
WARNING: If a serviceability tool is in use, please run with -XX:+EnableDynamicAgentLoading to hide this warning
WARNING: If a serviceability tool is not in use, please run with -Djdk.instrument.traceUsage for more information
WARNING: Dynamic loading of agents will be disallowed by default in a future release
]]></system-err>
  </testcase>
</testsuite>